#
# There is insufficient memory for the Java Runtime Environment to continue.
# Native memory allocation (malloc) failed to allocate 230256 bytes for Chunk::new
# Possible reasons:
#   The system is out of physical RAM or swap space
#   The process is running with CompressedOops enabled, and the Java Heap may be blocking the growth of the native heap
# Possible solutions:
#   Reduce memory load on the system
#   Increase physical memory or swap space
#   Check if swap backing store is full
#   Decrease Java heap size (-Xmx/-Xms)
#   Decrease number of Java threads
#   Decrease Java thread stack sizes (-Xss)
#   Set larger code cache with -XX:ReservedCodeCacheSize=
#   JVM is running with Unscaled Compressed Oops mode in which the Java heap is
#     placed in the first 4GB address space. The Java Heap base address is the
#     maximum limit for the native heap growth. Please use -XX:HeapBaseMinAddress
#     to set the Java Heap base and to place the Java Heap above 4GB virtual address.
# This output file may be truncated or incomplete.
#
#  Out of Memory Error (arena.cpp:191), pid=60852, tid=51276
#
# JRE version: OpenJDK Runtime Environment Temurin-17.0.10+7 (17.0.10+7) (build 17.0.10+7)
# Java VM: OpenJDK 64-Bit Server VM Temurin-17.0.10+7 (17.0.10+7, mixed mode, tiered, compressed oops, compressed class ptrs, parallel gc, windows-amd64)
# No core dump will be written. Minidumps are not enabled by default on client versions of Windows
#

---------------  S U M M A R Y ------------

Command Line: --add-modules=ALL-SYSTEM --add-opens=java.base/java.util=ALL-UNNAMED --add-opens=java.base/java.lang=ALL-UNNAMED --add-opens=java.base/sun.nio.fs=ALL-UNNAMED -Declipse.application=org.eclipse.jdt.ls.core.id1 -Dosgi.bundles.defaultStartLevel=4 -Declipse.product=org.eclipse.jdt.ls.core.product -Djava.import.generatesMetadataFilesAtProjectRoot=false -DDetectVMInstallationsJob.disabled=true -Dfile.encoding=utf8 -XX:+UseParallelGC -XX:GCTimeRatio=4 -XX:AdaptiveSizePolicyWeight=90 -Dsun.zip.disableMemoryMapping=true -Xmx1G -Xms100m -Xlog:disable -javaagent:c:\Users\hp\.vscode\extensions\redhat.java-1.27.0-win32-x64\lombok\lombok-1.18.31.jar -XX:+HeapDumpOnOutOfMemoryError -XX:HeapDumpPath=c:\Users\hp\AppData\Roaming\Code\User\workspaceStorage\1c5843b34a3158e84823a3ab318efdae\redhat.java -Daether.dependencyCollector.impl=bf c:\Users\hp\.vscode\extensions\redhat.java-1.27.0-win32-x64\server\plugins\org.eclipse.equinox.launcher_1.6.700.v20231214-2017.jar -configuration c:\Users\hp\AppData\Roaming\Code\User\globalStorage\redhat.java\1.27.0\config_win -data c:\Users\hp\AppData\Roaming\Code\User\workspaceStorage\1c5843b34a3158e84823a3ab318efdae\redhat.java\jdt_ws --stdio

Host: AMD Ryzen 5 5500U with Radeon Graphics         , 12 cores, 7G,  Windows 11 , 64 bit Build 22621 (10.0.22621.2506)
Time: Sun Feb 11 23:55:20 2024 India Standard Time elapsed time: 6.202256 seconds (0d 0h 0m 6s)

---------------  T H R E A D  ---------------

Current thread (0x00000212e86036e0):  JavaThread "C2 CompilerThread0" daemon [_thread_in_native, id=51276, stack(0x000000b5a3d00000,0x000000b5a3e00000)]


Current CompileTask:
C2:   6202 2638       4       com.sun.org.apache.xerces.internal.impl.XMLEntityScanner::scanQName (580 bytes)

Stack: [0x000000b5a3d00000,0x000000b5a3e00000]
Native frames: (J=compiled Java code, j=interpreted, Vv=VM code, C=native code)
V  [jvm.dll+0x67d2c9]
V  [jvm.dll+0x834afa]
V  [jvm.dll+0x8365be]
V  [jvm.dll+0x836c23]
V  [jvm.dll+0x2477ff]
V  [jvm.dll+0xac514]
V  [jvm.dll+0xacb5c]
V  [jvm.dll+0x2aed1f]
V  [jvm.dll+0x584b67]
V  [jvm.dll+0x2228a2]
V  [jvm.dll+0x222c8f]
V  [jvm.dll+0x21bdb6]
V  [jvm.dll+0x219201]
V  [jvm.dll+0x1a502d]
V  [jvm.dll+0x2290de]
V  [jvm.dll+0x2272ac]
V  [jvm.dll+0x7e9bb7]
V  [jvm.dll+0x7e3fba]
V  [jvm.dll+0x67c1b5]
C  [ucrtbase.dll+0x29363]
C  [KERNEL32.DLL+0x1257d]
C  [ntdll.dll+0x5aa58]


---------------  P R O C E S S  ---------------

Threads class SMR info:
_java_thread_list=0x00000212ea95b420, length=18, elements={
0x00000212cf5eef20, 0x00000212e346f010, 0x00000212e3470280, 0x00000212e347b2d0,
0x00000212e347bda0, 0x00000212e347d100, 0x00000212e347e500, 0x00000212e86036e0,
0x00000212e8606890, 0x00000212e8607a70, 0x00000212e8702460, 0x00000212e89422d0,
0x00000212ea546bf0, 0x00000212ea450270, 0x00000212ea4e6dd0, 0x00000212ea9754e0,
0x00000212eacfce40, 0x00000212ea3b8380
}

Java Threads: ( => current thread )
  0x00000212cf5eef20 JavaThread "main" [_thread_blocked, id=38052, stack(0x000000b5a3400000,0x000000b5a3500000)]
  0x00000212e346f010 JavaThread "Reference Handler" daemon [_thread_blocked, id=61708, stack(0x000000b5a3700000,0x000000b5a3800000)]
  0x00000212e3470280 JavaThread "Finalizer" daemon [_thread_blocked, id=61704, stack(0x000000b5a3800000,0x000000b5a3900000)]
  0x00000212e347b2d0 JavaThread "Signal Dispatcher" daemon [_thread_blocked, id=60036, stack(0x000000b5a3900000,0x000000b5a3a00000)]
  0x00000212e347bda0 JavaThread "Attach Listener" daemon [_thread_blocked, id=59720, stack(0x000000b5a3a00000,0x000000b5a3b00000)]
  0x00000212e347d100 JavaThread "Service Thread" daemon [_thread_blocked, id=48856, stack(0x000000b5a3b00000,0x000000b5a3c00000)]
  0x00000212e347e500 JavaThread "Monitor Deflation Thread" daemon [_thread_blocked, id=65948, stack(0x000000b5a3c00000,0x000000b5a3d00000)]
=>0x00000212e86036e0 JavaThread "C2 CompilerThread0" daemon [_thread_in_native, id=51276, stack(0x000000b5a3d00000,0x000000b5a3e00000)]
  0x00000212e8606890 JavaThread "C1 CompilerThread0" daemon [_thread_in_native, id=45448, stack(0x000000b5a3e00000,0x000000b5a3f00000)]
  0x00000212e8607a70 JavaThread "Sweeper thread" daemon [_thread_blocked, id=60676, stack(0x000000b5a3f00000,0x000000b5a4000000)]
  0x00000212e8702460 JavaThread "Common-Cleaner" daemon [_thread_blocked, id=60720, stack(0x000000b5a4000000,0x000000b5a4100000)]
  0x00000212e89422d0 JavaThread "Notification Thread" daemon [_thread_blocked, id=48164, stack(0x000000b5a4100000,0x000000b5a4200000)]
  0x00000212ea546bf0 JavaThread "Active Thread: Equinox Container: 1d85c12b-3e23-48a4-9939-9a59ff3bf38d" [_thread_blocked, id=65568, stack(0x000000b5a4900000,0x000000b5a4a00000)]
  0x00000212ea450270 JavaThread "Framework Event Dispatcher: Equinox Container: 1d85c12b-3e23-48a4-9939-9a59ff3bf38d" daemon [_thread_blocked, id=56768, stack(0x000000b5a4a00000,0x000000b5a4b00000)]
  0x00000212ea4e6dd0 JavaThread "Start Level: Equinox Container: 1d85c12b-3e23-48a4-9939-9a59ff3bf38d" daemon [_thread_in_vm, id=57808, stack(0x000000b5a4b00000,0x000000b5a4c00000)]
  0x00000212ea9754e0 JavaThread "Bundle File Closer" daemon [_thread_blocked, id=65056, stack(0x000000b5a4d00000,0x000000b5a4e00000)]
  0x00000212eacfce40 JavaThread "SCR Component Actor" daemon [_thread_blocked, id=66400, stack(0x000000b5a4e00000,0x000000b5a4f00000)]
  0x00000212ea3b8380 JavaThread "SCR Component Registry" daemon [_thread_blocked, id=59384, stack(0x000000b5a5100000,0x000000b5a5200000)]

Other Threads:
  0x00000212e85d4870 VMThread "VM Thread" [stack: 0x000000b5a3600000,0x000000b5a3700000] [id=25756]
  0x00000212e9d78e90 WatcherThread [stack: 0x000000b5a4200000,0x000000b5a4300000] [id=55328]
  0x00000212cf602380 GCTaskThread "GC Thread#0" [stack: 0x000000b5a3500000,0x000000b5a3600000] [id=66328]
  0x00000212e9fce440 GCTaskThread "GC Thread#1" [stack: 0x000000b5a4300000,0x000000b5a4400000] [id=1388]
  0x00000212ea345020 GCTaskThread "GC Thread#2" [stack: 0x000000b5a4400000,0x000000b5a4500000] [id=64956]
  0x00000212ea3452e0 GCTaskThread "GC Thread#3" [stack: 0x000000b5a4500000,0x000000b5a4600000] [id=31380]
  0x00000212ea3455a0 GCTaskThread "GC Thread#4" [stack: 0x000000b5a4600000,0x000000b5a4700000] [id=11172]
  0x00000212ea345860 GCTaskThread "GC Thread#5" [stack: 0x000000b5a4700000,0x000000b5a4800000] [id=25796]
  0x00000212ea345b20 GCTaskThread "GC Thread#6" [stack: 0x000000b5a4800000,0x000000b5a4900000] [id=25452]
  0x00000212ea98bd10 GCTaskThread "GC Thread#7" [stack: 0x000000b5a4c00000,0x000000b5a4d00000] [id=24828]
  0x00000212ea9d6050 GCTaskThread "GC Thread#8" [stack: 0x000000b5a4f00000,0x000000b5a5000000] [id=62000]
  0x00000212eaded6f0 GCTaskThread "GC Thread#9" [stack: 0x000000b5a5000000,0x000000b5a5100000] [id=65632]

Threads with active compile tasks:
C2 CompilerThread0     6223 2638       4       com.sun.org.apache.xerces.internal.impl.XMLEntityScanner::scanQName (580 bytes)

VM state: not at safepoint (normal execution)

VM Mutex/Monitor currently owned by a thread: None

Heap address: 0x00000000c0000000, size: 1024 MB, Compressed Oops mode: 32-bit

CDS archive(s) not mapped
Compressed class space mapped at: 0x0000000100000000-0x0000000140000000, reserved size: 1073741824
Narrow klass base: 0x0000000000000000, Narrow klass shift: 3, Narrow klass range: 0x140000000

GC Precious Log:
 CPUs: 12 total, 12 available
 Memory: 7502M
 Large Page Support: Disabled
 NUMA Support: Disabled
 Compressed Oops: Enabled (32-bit)
 Alignments: Space 512K, Generation 512K, Heap 2M
 Heap Min Capacity: 100M
 Heap Initial Capacity: 100M
 Heap Max Capacity: 1G
 Pre-touch: Disabled
 Parallel Workers: 10

Heap:
 PSYoungGen      total 29696K, used 26363K [0x00000000eab00000, 0x00000000ecc00000, 0x0000000100000000)
  eden space 25600K, 87% used [0x00000000eab00000,0x00000000ec0c2e18,0x00000000ec400000)
  from space 4096K, 99% used [0x00000000ec400000,0x00000000ec7fc098,0x00000000ec800000)
  to   space 4096K, 0% used [0x00000000ec800000,0x00000000ec800000,0x00000000ecc00000)
 ParOldGen       total 68608K, used 5291K [0x00000000c0000000, 0x00000000c4300000, 0x00000000eab00000)
  object space 68608K, 7% used [0x00000000c0000000,0x00000000c052acf8,0x00000000c4300000)
 Metaspace       used 19238K, committed 19584K, reserved 1114112K
  class space    used 1950K, committed 2112K, reserved 1048576K

Card table byte_map: [0x00000212cef80000,0x00000212cf190000] _byte_map_base: 0x00000212ce980000

Marking Bits: (ParMarkBitMap*) 0x00007ffee9b3d7d0
 Begin Bits: [0x00000212e1280000, 0x00000212e2280000)
 End Bits:   [0x00000212e2280000, 0x00000212e3280000)

Polling page: 0x00000212cd510000

Metaspace:

Usage:
  Non-class:     16.88 MB used.
      Class:      1.90 MB used.
       Both:     18.79 MB used.

Virtual space:
  Non-class space:       64.00 MB reserved,      17.06 MB ( 27%) committed,  1 nodes.
      Class space:        1.00 GB reserved,       2.06 MB ( <1%) committed,  1 nodes.
             Both:        1.06 GB reserved,      19.12 MB (  2%) committed. 

Chunk freelists:
   Non-Class:  14.05 MB
       Class:  13.84 MB
        Both:  27.88 MB

MaxMetaspaceSize: unlimited
CompressedClassSpaceSize: 1.00 GB
Initial GC threshold: 21.00 MB
Current GC threshold: 21.00 MB
CDS: off
MetaspaceReclaimPolicy: balanced
 - commit_granule_bytes: 65536.
 - commit_granule_words: 8192.
 - virtual_space_node_default_size: 8388608.
 - enlarge_chunks_in_place: 1.
 - new_chunks_are_fully_committed: 0.
 - uncommit_free_chunks: 1.
 - use_allocation_guard: 0.
 - handle_deallocations: 1.


Internal statistics:

num_allocs_failed_limit: 0.
num_arena_births: 170.
num_arena_deaths: 0.
num_vsnodes_births: 2.
num_vsnodes_deaths: 0.
num_space_committed: 306.
num_space_uncommitted: 0.
num_chunks_returned_to_freelist: 0.
num_chunks_taken_from_freelist: 535.
num_chunk_merges: 0.
num_chunk_splits: 334.
num_chunks_enlarged: 235.
num_inconsistent_stats: 0.

CodeHeap 'non-profiled nmethods': size=120000Kb used=1041Kb max_used=1041Kb free=118958Kb
 bounds [0x00000212d9d50000, 0x00000212d9fc0000, 0x00000212e1280000]
CodeHeap 'profiled nmethods': size=120000Kb used=5482Kb max_used=5482Kb free=114517Kb
 bounds [0x00000212d2280000, 0x00000212d27e0000, 0x00000212d97b0000]
CodeHeap 'non-nmethods': size=5760Kb used=1179Kb max_used=1195Kb free=4580Kb
 bounds [0x00000212d97b0000, 0x00000212d9a20000, 0x00000212d9d50000]
 total_blobs=3166 nmethods=2690 adapters=390
 compilation: enabled
              stopped_count=0, restarted_count=0
 full_count=0

Compilation events (20 events):
Event: 6.194 Thread 0x00000212e8606890 2664       3       java.util.concurrent.atomic.AtomicReference::<init> (5 bytes)
Event: 6.194 Thread 0x00000212e8606890 nmethod 2664 0x00000212d27cfd90 code [0x00000212d27cff20, 0x00000212d27d0078]
Event: 6.194 Thread 0x00000212e8606890 2665       3       org.eclipse.osgi.internal.serviceregistry.ServiceRegistrationImpl::compareTo (9 bytes)
Event: 6.195 Thread 0x00000212e8606890 nmethod 2665 0x00000212d27d0110 code [0x00000212d27d02e0, 0x00000212d27d08c8]
Event: 6.195 Thread 0x00000212e8606890 2666       3       org.eclipse.osgi.internal.serviceregistry.ServiceRegistrationImpl::compareTo (13 bytes)
Event: 6.195 Thread 0x00000212e8606890 nmethod 2666 0x00000212d27d0a90 code [0x00000212d27d0c40, 0x00000212d27d1068]
Event: 6.196 Thread 0x00000212e8606890 2667       1       org.osgi.framework.ServiceEvent::getType (5 bytes)
Event: 6.196 Thread 0x00000212e8606890 nmethod 2667 0x00000212d9e51790 code [0x00000212d9e51920, 0x00000212d9e519f8]
Event: 6.196 Thread 0x00000212e8606890 2668       3       java.util.Hashtable$Enumerator::hasMoreElements (53 bytes)
Event: 6.197 Thread 0x00000212e8606890 nmethod 2668 0x00000212d27d1210 code [0x00000212d27d13c0, 0x00000212d27d1658]
Event: 6.199 Thread 0x00000212e8606890 2669       1       org.apache.felix.scr.impl.metadata.ReferenceMetadata::getScope (5 bytes)
Event: 6.199 Thread 0x00000212e8606890 nmethod 2669 0x00000212d9e51a90 code [0x00000212d9e51c20, 0x00000212d9e51cf8]
Event: 6.199 Thread 0x00000212e8606890 2670       1       org.apache.felix.scr.impl.metadata.ReferenceMetadata::isOptional (5 bytes)
Event: 6.199 Thread 0x00000212e8606890 nmethod 2670 0x00000212d9e51d90 code [0x00000212d9e51f20, 0x00000212d9e51ff8]
Event: 6.199 Thread 0x00000212e8606890 2671       1       org.apache.felix.scr.impl.manager.ServiceTracker::tracked (5 bytes)
Event: 6.199 Thread 0x00000212e8606890 nmethod 2671 0x00000212d9e52090 code [0x00000212d9e52220, 0x00000212d9e522f8]
Event: 6.199 Thread 0x00000212e8606890 2672       3       java.util.concurrent.atomic.AtomicBoolean::get (13 bytes)
Event: 6.199 Thread 0x00000212e8606890 nmethod 2672 0x00000212d27d1790 code [0x00000212d27d1920, 0x00000212d27d1a98]
Event: 6.199 Thread 0x00000212e8606890 2673       1       java.util.concurrent.atomic.AtomicInteger::get (5 bytes)
Event: 6.199 Thread 0x00000212e8606890 nmethod 2673 0x00000212d9e52390 code [0x00000212d9e52520, 0x00000212d9e525f8]

GC Heap History (6 events):
Event: 2.393 GC heap before
{Heap before GC invocations=1 (full 0):
 PSYoungGen      total 29696K, used 25600K [0x00000000eab00000, 0x00000000ecc00000, 0x0000000100000000)
  eden space 25600K, 100% used [0x00000000eab00000,0x00000000ec400000,0x00000000ec400000)
  from space 4096K, 0% used [0x00000000ec800000,0x00000000ec800000,0x00000000ecc00000)
  to   space 4096K, 0% used [0x00000000ec400000,0x00000000ec400000,0x00000000ec800000)
 ParOldGen       total 68608K, used 0K [0x00000000c0000000, 0x00000000c4300000, 0x00000000eab00000)
  object space 68608K, 0% used [0x00000000c0000000,0x00000000c0000000,0x00000000c4300000)
 Metaspace       used 11007K, committed 11200K, reserved 1114112K
  class space    used 1098K, committed 1216K, reserved 1048576K
}
Event: 2.403 GC heap after
{Heap after GC invocations=1 (full 0):
 PSYoungGen      total 29696K, used 3188K [0x00000000eab00000, 0x00000000ecc00000, 0x0000000100000000)
  eden space 25600K, 0% used [0x00000000eab00000,0x00000000eab00000,0x00000000ec400000)
  from space 4096K, 77% used [0x00000000ec400000,0x00000000ec71d130,0x00000000ec800000)
  to   space 4096K, 0% used [0x00000000ec800000,0x00000000ec800000,0x00000000ecc00000)
 ParOldGen       total 68608K, used 16K [0x00000000c0000000, 0x00000000c4300000, 0x00000000eab00000)
  object space 68608K, 0% used [0x00000000c0000000,0x00000000c0004000,0x00000000c4300000)
 Metaspace       used 11007K, committed 11200K, reserved 1114112K
  class space    used 1098K, committed 1216K, reserved 1048576K
}
Event: 3.849 GC heap before
{Heap before GC invocations=2 (full 0):
 PSYoungGen      total 29696K, used 28788K [0x00000000eab00000, 0x00000000ecc00000, 0x0000000100000000)
  eden space 25600K, 100% used [0x00000000eab00000,0x00000000ec400000,0x00000000ec400000)
  from space 4096K, 77% used [0x00000000ec400000,0x00000000ec71d130,0x00000000ec800000)
  to   space 4096K, 0% used [0x00000000ec800000,0x00000000ec800000,0x00000000ecc00000)
 ParOldGen       total 68608K, used 16K [0x00000000c0000000, 0x00000000c4300000, 0x00000000eab00000)
  object space 68608K, 0% used [0x00000000c0000000,0x00000000c0004000,0x00000000c4300000)
 Metaspace       used 14591K, committed 14784K, reserved 1114112K
  class space    used 1461K, committed 1600K, reserved 1048576K
}
Event: 3.857 GC heap after
{Heap after GC invocations=2 (full 0):
 PSYoungGen      total 29696K, used 4084K [0x00000000eab00000, 0x00000000ecc00000, 0x0000000100000000)
  eden space 25600K, 0% used [0x00000000eab00000,0x00000000eab00000,0x00000000ec400000)
  from space 4096K, 99% used [0x00000000ec800000,0x00000000ecbfd130,0x00000000ecc00000)
  to   space 4096K, 0% used [0x00000000ec400000,0x00000000ec400000,0x00000000ec800000)
 ParOldGen       total 68608K, used 1406K [0x00000000c0000000, 0x00000000c4300000, 0x00000000eab00000)
  object space 68608K, 2% used [0x00000000c0000000,0x00000000c015f898,0x00000000c4300000)
 Metaspace       used 14591K, committed 14784K, reserved 1114112K
  class space    used 1461K, committed 1600K, reserved 1048576K
}
Event: 5.479 GC heap before
{Heap before GC invocations=3 (full 0):
 PSYoungGen      total 29696K, used 29684K [0x00000000eab00000, 0x00000000ecc00000, 0x0000000100000000)
  eden space 25600K, 100% used [0x00000000eab00000,0x00000000ec400000,0x00000000ec400000)
  from space 4096K, 99% used [0x00000000ec800000,0x00000000ecbfd130,0x00000000ecc00000)
  to   space 4096K, 0% used [0x00000000ec400000,0x00000000ec400000,0x00000000ec800000)
 ParOldGen       total 68608K, used 1406K [0x00000000c0000000, 0x00000000c4300000, 0x00000000eab00000)
  object space 68608K, 2% used [0x00000000c0000000,0x00000000c015f898,0x00000000c4300000)
 Metaspace       used 16286K, committed 16512K, reserved 1114112K
  class space    used 1642K, committed 1728K, reserved 1048576K
}
Event: 5.488 GC heap after
{Heap after GC invocations=3 (full 0):
 PSYoungGen      total 29696K, used 4080K [0x00000000eab00000, 0x00000000ecc00000, 0x0000000100000000)
  eden space 25600K, 0% used [0x00000000eab00000,0x00000000eab00000,0x00000000ec400000)
  from space 4096K, 99% used [0x00000000ec400000,0x00000000ec7fc098,0x00000000ec800000)
  to   space 4096K, 0% used [0x00000000ec800000,0x00000000ec800000,0x00000000ecc00000)
 ParOldGen       total 68608K, used 5291K [0x00000000c0000000, 0x00000000c4300000, 0x00000000eab00000)
  object space 68608K, 7% used [0x00000000c0000000,0x00000000c052acf8,0x00000000c4300000)
 Metaspace       used 16286K, committed 16512K, reserved 1114112K
  class space    used 1642K, committed 1728K, reserved 1048576K
}

Dll operation events (9 events):
Event: 0.032 Loaded shared library c:\Users\hp\.vscode\extensions\redhat.java-1.27.0-win32-x64\jre\17.0.10-win32-x86_64\bin\java.dll
Event: 0.410 Loaded shared library c:\Users\hp\.vscode\extensions\redhat.java-1.27.0-win32-x64\jre\17.0.10-win32-x86_64\bin\zip.dll
Event: 0.416 Loaded shared library C:\Users\hp\.vscode\extensions\redhat.java-1.27.0-win32-x64\jre\17.0.10-win32-x86_64\bin\instrument.dll
Event: 0.473 Loaded shared library C:\Users\hp\.vscode\extensions\redhat.java-1.27.0-win32-x64\jre\17.0.10-win32-x86_64\bin\net.dll
Event: 0.491 Loaded shared library C:\Users\hp\.vscode\extensions\redhat.java-1.27.0-win32-x64\jre\17.0.10-win32-x86_64\bin\nio.dll
Event: 0.507 Loaded shared library C:\Users\hp\.vscode\extensions\redhat.java-1.27.0-win32-x64\jre\17.0.10-win32-x86_64\bin\zip.dll
Event: 0.542 Loaded shared library C:\Users\hp\.vscode\extensions\redhat.java-1.27.0-win32-x64\jre\17.0.10-win32-x86_64\bin\jimage.dll
Event: 0.641 Loaded shared library c:\Users\hp\.vscode\extensions\redhat.java-1.27.0-win32-x64\jre\17.0.10-win32-x86_64\bin\verify.dll
Event: 3.734 Loaded shared library C:\Users\hp\AppData\Roaming\Code\User\globalStorage\redhat.java\1.27.0\config_win\org.eclipse.equinox.launcher\org.eclipse.equinox.launcher.win32.win32.x86_64_1.2.900.v20240129-1338\eclipse_11900.dll

Deoptimization events (20 events):
Event: 5.765 Thread 0x00000212ea4e6dd0 Uncommon trap: trap_request=0xffffffc6 fr.pc=0x00000212d9e22b5c relative=0x0000000000000d3c
Event: 5.765 Thread 0x00000212ea4e6dd0 Uncommon trap: reason=bimorphic_or_optimized_type_check action=maybe_recompile pc=0x00000212d9e22b5c method=java.util.Properties$LineReader.readLine()I @ 479 c2
Event: 5.765 Thread 0x00000212ea4e6dd0 DEOPT PACKING pc=0x00000212d9e22b5c sp=0x000000b5a4bf7750
Event: 5.765 Thread 0x00000212ea4e6dd0 DEOPT UNPACKING pc=0x00000212d98066a3 sp=0x000000b5a4bf76e0 mode 2
Event: 5.905 Thread 0x00000212ea4e6dd0 Uncommon trap: trap_request=0xffffff45 fr.pc=0x00000212d9e42688 relative=0x0000000000000348
Event: 5.905 Thread 0x00000212ea4e6dd0 Uncommon trap: reason=unstable_if action=reinterpret pc=0x00000212d9e42688 method=com.sun.org.apache.xerces.internal.impl.XMLEntityScanner.scanLiteral(ILcom/sun/org/apache/xerces/internal/xni/XMLString;Z)I @ 189 c2
Event: 5.905 Thread 0x00000212ea4e6dd0 DEOPT PACKING pc=0x00000212d9e42688 sp=0x000000b5a4bf8530
Event: 5.905 Thread 0x00000212ea4e6dd0 DEOPT UNPACKING pc=0x00000212d98066a3 sp=0x000000b5a4bf84c0 mode 2
Event: 5.914 Thread 0x00000212ea4e6dd0 DEOPT PACKING pc=0x00000212d2722e2e sp=0x000000b5a4bf8710
Event: 5.914 Thread 0x00000212ea4e6dd0 DEOPT UNPACKING pc=0x00000212d9806e43 sp=0x000000b5a4bf7bd0 mode 0
Event: 5.918 Thread 0x00000212ea4e6dd0 DEOPT PACKING pc=0x00000212d2722e2e sp=0x000000b5a4bf8320
Event: 5.918 Thread 0x00000212ea4e6dd0 DEOPT UNPACKING pc=0x00000212d9806e43 sp=0x000000b5a4bf77e0 mode 0
Event: 5.923 Thread 0x00000212ea4e6dd0 Uncommon trap: trap_request=0xffffff45 fr.pc=0x00000212d9e443b8 relative=0x0000000000000098
Event: 5.923 Thread 0x00000212ea4e6dd0 Uncommon trap: reason=unstable_if action=reinterpret pc=0x00000212d9e443b8 method=com.sun.org.apache.xerces.internal.impl.XMLEntityScanner.peekChar()I @ 14 c2
Event: 5.923 Thread 0x00000212ea4e6dd0 DEOPT PACKING pc=0x00000212d9e443b8 sp=0x000000b5a4bf8840
Event: 5.923 Thread 0x00000212ea4e6dd0 DEOPT UNPACKING pc=0x00000212d98066a3 sp=0x000000b5a4bf87c8 mode 2
Event: 6.086 Thread 0x00000212ea4e6dd0 Uncommon trap: trap_request=0xffffff45 fr.pc=0x00000212d9e48300 relative=0x00000000000004a0
Event: 6.086 Thread 0x00000212ea4e6dd0 Uncommon trap: reason=unstable_if action=reinterpret pc=0x00000212d9e48300 method=com.sun.org.apache.xerces.internal.impl.XMLEntityScanner.scanLiteral(ILcom/sun/org/apache/xerces/internal/xni/XMLString;Z)I @ 299 c2
Event: 6.086 Thread 0x00000212ea4e6dd0 DEOPT PACKING pc=0x00000212d9e48300 sp=0x000000b5a4bfd860
Event: 6.086 Thread 0x00000212ea4e6dd0 DEOPT UNPACKING pc=0x00000212d98066a3 sp=0x000000b5a4bfd7f0 mode 2

Classes unloaded (0 events):
No events

Classes redefined (0 events):
No events

Internal exceptions (20 events):
Event: 2.260 Thread 0x00000212cf5eef20 Implicit null exception at 0x00000212d9d8563b to 0x00000212d9d85f3c
Event: 2.260 Thread 0x00000212cf5eef20 Implicit null exception at 0x00000212d9d9b7ec to 0x00000212d9d9b9c8
Event: 2.261 Thread 0x00000212cf5eef20 Implicit null exception at 0x00000212d9d8fb6c to 0x00000212d9d8fd3c
Event: 2.261 Thread 0x00000212cf5eef20 Implicit null exception at 0x00000212d9d8858f to 0x00000212d9d88605
Event: 2.375 Thread 0x00000212cf5eef20 Exception <a 'java/lang/NoSuchMethodError'{0x00000000ec3bf060}: 'int java.lang.invoke.DirectMethodHandle$Holder.invokeStaticInit(java.lang.Object, java.lang.Object, java.lang.Object, java.lang.Object)'> (0x00000000ec3bf060) 
thrown [s\src\hotspot\share\interpreter\linkResolver.cpp, line 759]
Event: 2.378 Thread 0x00000212cf5eef20 Exception <a 'java/lang/NoSuchMethodError'{0x00000000ec3c96d0}: 'java.lang.Object java.lang.invoke.DirectMethodHandle$Holder.invokeInterface(java.lang.Object, java.lang.Object)'> (0x00000000ec3c96d0) 
thrown [s\src\hotspot\share\interpreter\linkResolver.cpp, line 759]
Event: 2.378 Thread 0x00000212cf5eef20 Exception <a 'java/lang/IncompatibleClassChangeError'{0x00000000ec3ccec8}: Found class java.lang.Object, but interface was expected> (0x00000000ec3ccec8) 
thrown [s\src\hotspot\share\interpreter\linkResolver.cpp, line 826]
Event: 2.380 Thread 0x00000212cf5eef20 Exception <a 'java/lang/NoSuchMethodError'{0x00000000ec3d13b8}: 'void java.lang.invoke.DirectMethodHandle$Holder.invokeStatic(java.lang.Object, java.lang.Object)'> (0x00000000ec3d13b8) 
thrown [s\src\hotspot\share\interpreter\linkResolver.cpp, line 759]
Event: 2.381 Thread 0x00000212cf5eef20 Exception <a 'java/lang/NoSuchMethodError'{0x00000000ec3d4bb8}: 'void java.lang.invoke.DirectMethodHandle$Holder.invokeStaticInit(java.lang.Object, java.lang.Object)'> (0x00000000ec3d4bb8) 
thrown [s\src\hotspot\share\interpreter\linkResolver.cpp, line 759]
Event: 2.384 Thread 0x00000212cf5eef20 Exception <a 'java/lang/NoSuchMethodError'{0x00000000ec3dc1a8}: 'int java.lang.invoke.DirectMethodHandle$Holder.invokeStaticInit(java.lang.Object, java.lang.Object)'> (0x00000000ec3dc1a8) 
thrown [s\src\hotspot\share\interpreter\linkResolver.cpp, line 759]
Event: 2.691 Thread 0x00000212cf5eef20 Exception <a 'java/lang/NoSuchMethodError'{0x00000000eac65e78}: 'void java.lang.invoke.DirectMethodHandle$Holder.invokeSpecial(java.lang.Object, java.lang.Object, java.lang.Object)'> (0x00000000eac65e78) 
thrown [s\src\hotspot\share\interpreter\linkResolver.cpp, line 759]
Event: 3.392 Thread 0x00000212cf5eef20 Exception <a 'java/lang/NoSuchMethodError'{0x00000000eba154c8}: 'java.lang.Object java.lang.invoke.DirectMethodHandle$Holder.newInvokeSpecial(java.lang.Object, int, java.lang.Object)'> (0x00000000eba154c8) 
thrown [s\src\hotspot\share\interpreter\linkResolver.cpp, line 759]
Event: 3.723 Thread 0x00000212cf5eef20 Exception <a 'java/lang/UnsatisfiedLinkError'{0x00000000ebfbbeb8}: 'void org.eclipse.equinox.launcher.JNIBridge._update_splash()'> (0x00000000ebfbbeb8) 
thrown [s\src\hotspot\share\prims\nativeLookup.cpp, line 543]
Event: 3.829 Thread 0x00000212ea4e6dd0 Exception <a 'java/lang/NoSuchMethodError'{0x00000000ec374430}: 'java.lang.Object java.lang.invoke.DirectMethodHandle$Holder.invokeStaticInit(java.lang.Object)'> (0x00000000ec374430) 
thrown [s\src\hotspot\share\interpreter\linkResolver.cpp, line 759]
Event: 3.868 Thread 0x00000212ea4e6dd0 Exception <a 'java/lang/NoSuchMethodError'{0x00000000eabb1a88}: 'java.lang.Object java.lang.invoke.DirectMethodHandle$Holder.newInvokeSpecial(java.lang.Object, java.lang.Object, int, java.lang.Object)'> (0x00000000eabb1a88) 
thrown [s\src\hotspot\share\interpreter\linkResolver.cpp, line 759]
Event: 3.869 Thread 0x00000212ea4e6dd0 Exception <a 'java/lang/NoSuchMethodError'{0x00000000eabb5d70}: 'java.lang.Object java.lang.invoke.DirectMethodHandle$Holder.invokeSpecial(java.lang.Object, java.lang.Object, java.lang.Object, int, java.lang.Object)'> (0x00000000eabb5d70) 
thrown [s\src\hotspot\share\interpreter\linkResolver.cpp, line 759]
Event: 3.944 Thread 0x00000212ea4e6dd0 Exception <a 'java/lang/ClassNotFoundException'{0x00000000eae02ae8}: sun/util/logging/resources/spi/loggingProvider> (0x00000000eae02ae8) 
thrown [s\src\hotspot\share\classfile\systemDictionary.cpp, line 256]
Event: 5.468 Thread 0x00000212ea4e6dd0 Exception <a 'java/lang/NullPointerException'{0x00000000ec39aaa8}> (0x00000000ec39aaa8) 
thrown [s\src\hotspot\share\interpreter\linkResolver.cpp, line 1350]
Event: 5.468 Thread 0x00000212ea4e6dd0 Exception <a 'java/lang/NullPointerException'{0x00000000ec39ad80}> (0x00000000ec39ad80) 
thrown [s\src\hotspot\share\interpreter\linkResolver.cpp, line 1350]
Event: 6.037 Thread 0x00000212ea4e6dd0 Exception <a 'java/io/FileNotFoundException'{0x00000000ebd35158}> (0x00000000ebd35158) 
thrown [s\src\hotspot\share\prims\jni.cpp, line 516]

VM Operations (20 events):
Event: 3.810 Executing VM operation: HandshakeAllThreads
Event: 3.810 Executing VM operation: HandshakeAllThreads done
Event: 3.810 Executing VM operation: Cleanup
Event: 3.810 Executing VM operation: Cleanup done
Event: 3.849 Executing VM operation: ParallelGCFailedAllocation
Event: 3.857 Executing VM operation: ParallelGCFailedAllocation done
Event: 3.911 Executing VM operation: HandshakeAllThreads
Event: 3.911 Executing VM operation: HandshakeAllThreads done
Event: 3.967 Executing VM operation: HandshakeAllThreads
Event: 3.968 Executing VM operation: HandshakeAllThreads done
Event: 3.994 Executing VM operation: HandshakeAllThreads
Event: 3.994 Executing VM operation: HandshakeAllThreads done
Event: 4.016 Executing VM operation: HandshakeAllThreads
Event: 4.017 Executing VM operation: HandshakeAllThreads done
Event: 5.017 Executing VM operation: Cleanup
Event: 5.017 Executing VM operation: Cleanup done
Event: 5.463 Executing VM operation: HandshakeAllThreads
Event: 5.463 Executing VM operation: HandshakeAllThreads done
Event: 5.479 Executing VM operation: ParallelGCFailedAllocation
Event: 5.488 Executing VM operation: ParallelGCFailedAllocation done

Events (20 events):
Event: 5.618 loading class java/util/Timer$ThreadReaper done
Event: 5.618 Thread 0x00000212ea3b8380 Thread added: 0x00000212ea3b8380
Event: 5.638 loading class java/util/concurrent/locks/ReentrantLock$FairSync
Event: 5.638 loading class java/util/concurrent/locks/ReentrantLock$FairSync done
Event: 5.640 loading class java/util/Collections$ReverseComparator
Event: 5.641 loading class java/util/Collections$ReverseComparator done
Event: 5.723 loading class java/lang/CloneNotSupportedException
Event: 5.723 loading class java/lang/CloneNotSupportedException done
Event: 5.760 loading class jdk/internal/reflect/UnsafeStaticObjectFieldAccessorImpl
Event: 5.760 loading class jdk/internal/reflect/UnsafeStaticObjectFieldAccessorImpl done
Event: 5.762 loading class java/lang/IllegalCallerException
Event: 5.762 loading class java/lang/IllegalCallerException done
Event: 5.767 loading class org/xml/sax/SAXParseException
Event: 5.767 loading class org/xml/sax/SAXParseException done
Event: 5.992 loading class java/util/TreeMap$Values
Event: 5.992 loading class java/util/TreeMap$Values done
Event: 5.992 loading class java/util/TreeMap$ValueIterator
Event: 5.992 loading class java/util/TreeMap$ValueIterator done
Event: 6.123 loading class java/lang/Process
Event: 6.124 loading class java/lang/Process done


Dynamic libraries:
0x00007ff737db0000 - 0x00007ff737dbe000 	c:\Users\hp\.vscode\extensions\redhat.java-1.27.0-win32-x64\jre\17.0.10-win32-x86_64\bin\java.exe
0x00007fff3a150000 - 0x00007fff3a367000 	C:\WINDOWS\SYSTEM32\ntdll.dll
0x00007fff38190000 - 0x00007fff38254000 	C:\WINDOWS\System32\KERNEL32.DLL
0x00007fff378b0000 - 0x00007fff37c56000 	C:\WINDOWS\System32\KERNELBASE.dll
0x00007fff37d80000 - 0x00007fff37e91000 	C:\WINDOWS\System32\ucrtbase.dll
0x00007fff24740000 - 0x00007fff2475b000 	c:\Users\hp\.vscode\extensions\redhat.java-1.27.0-win32-x64\jre\17.0.10-win32-x86_64\bin\VCRUNTIME140.dll
0x00007fff24410000 - 0x00007fff24427000 	c:\Users\hp\.vscode\extensions\redhat.java-1.27.0-win32-x64\jre\17.0.10-win32-x86_64\bin\jli.dll
0x00007fff38730000 - 0x00007fff388de000 	C:\WINDOWS\System32\USER32.dll
0x00007fff376b0000 - 0x00007fff376d6000 	C:\WINDOWS\System32\win32u.dll
0x00007fff38700000 - 0x00007fff38729000 	C:\WINDOWS\System32\GDI32.dll
0x00007fff135d0000 - 0x00007fff13863000 	C:\WINDOWS\WinSxS\amd64_microsoft.windows.common-controls_6595b64144ccf1df_6.0.22621.2506_none_270c5ae97388e100\COMCTL32.dll
0x00007fff37c60000 - 0x00007fff37d78000 	C:\WINDOWS\System32\gdi32full.dll
0x00007fff37750000 - 0x00007fff377ea000 	C:\WINDOWS\System32\msvcp_win.dll
0x00007fff38430000 - 0x00007fff384d7000 	C:\WINDOWS\System32\msvcrt.dll
0x00007fff389b0000 - 0x00007fff389e1000 	C:\WINDOWS\System32\IMM32.DLL
0x00007fff329c0000 - 0x00007fff329cc000 	c:\Users\hp\.vscode\extensions\redhat.java-1.27.0-win32-x64\jre\17.0.10-win32-x86_64\bin\vcruntime140_1.dll
0x00007ffefb100000 - 0x00007ffefb18d000 	c:\Users\hp\.vscode\extensions\redhat.java-1.27.0-win32-x64\jre\17.0.10-win32-x86_64\bin\msvcp140.dll
0x00007ffee8fa0000 - 0x00007ffee9c02000 	c:\Users\hp\.vscode\extensions\redhat.java-1.27.0-win32-x64\jre\17.0.10-win32-x86_64\bin\server\jvm.dll
0x00007fff38260000 - 0x00007fff38313000 	C:\WINDOWS\System32\ADVAPI32.dll
0x00007fff38900000 - 0x00007fff389a8000 	C:\WINDOWS\System32\sechost.dll
0x00007fff37680000 - 0x00007fff376a8000 	C:\WINDOWS\System32\bcrypt.dll
0x00007fff389f0000 - 0x00007fff38b07000 	C:\WINDOWS\System32\RPCRT4.dll
0x00007fff36f20000 - 0x00007fff36f6d000 	C:\WINDOWS\SYSTEM32\POWRPROF.dll
0x00007fff24630000 - 0x00007fff24639000 	C:\WINDOWS\SYSTEM32\WSOCK32.dll
0x00007fff38320000 - 0x00007fff38391000 	C:\WINDOWS\System32\WS2_32.dll
0x00007fff2ee20000 - 0x00007fff2ee54000 	C:\WINDOWS\SYSTEM32\WINMM.dll
0x00007fff2e5a0000 - 0x00007fff2e5aa000 	C:\WINDOWS\SYSTEM32\VERSION.dll
0x00007fff36e00000 - 0x00007fff36e13000 	C:\WINDOWS\SYSTEM32\UMPDC.dll
0x00007fff364c0000 - 0x00007fff364d8000 	C:\WINDOWS\SYSTEM32\kernel.appcore.dll
0x00007fff2efe0000 - 0x00007fff2efea000 	c:\Users\hp\.vscode\extensions\redhat.java-1.27.0-win32-x64\jre\17.0.10-win32-x86_64\bin\jimage.dll
0x00007fff25070000 - 0x00007fff252a3000 	C:\WINDOWS\SYSTEM32\DBGHELP.DLL
0x00007fff38ea0000 - 0x00007fff39229000 	C:\WINDOWS\System32\combase.dll
0x00007fff38dc0000 - 0x00007fff38e97000 	C:\WINDOWS\System32\OLEAUT32.dll
0x00007fff1c8f0000 - 0x00007fff1c922000 	C:\WINDOWS\SYSTEM32\dbgcore.DLL
0x00007fff37490000 - 0x00007fff3750a000 	C:\WINDOWS\System32\bcryptPrimitives.dll
0x00007fff2ef70000 - 0x00007fff2ef7e000 	c:\Users\hp\.vscode\extensions\redhat.java-1.27.0-win32-x64\jre\17.0.10-win32-x86_64\bin\instrument.dll
0x00007fff15cc0000 - 0x00007fff15ce5000 	c:\Users\hp\.vscode\extensions\redhat.java-1.27.0-win32-x64\jre\17.0.10-win32-x86_64\bin\java.dll
0x00007fff240d0000 - 0x00007fff240e8000 	c:\Users\hp\.vscode\extensions\redhat.java-1.27.0-win32-x64\jre\17.0.10-win32-x86_64\bin\zip.dll
0x00007fff398b0000 - 0x00007fff3a10a000 	C:\WINDOWS\System32\SHELL32.dll
0x00007fff353e0000 - 0x00007fff35cd6000 	C:\WINDOWS\SYSTEM32\windows.storage.dll
0x00007fff352a0000 - 0x00007fff353de000 	C:\WINDOWS\SYSTEM32\wintypes.dll
0x00007fff37ea0000 - 0x00007fff37f93000 	C:\WINDOWS\System32\SHCORE.dll
0x00007fff38b10000 - 0x00007fff38b6e000 	C:\WINDOWS\System32\shlwapi.dll
0x00007fff373c0000 - 0x00007fff373e6000 	C:\WINDOWS\SYSTEM32\profapi.dll
0x00007fff15c70000 - 0x00007fff15c89000 	C:\Users\hp\.vscode\extensions\redhat.java-1.27.0-win32-x64\jre\17.0.10-win32-x86_64\bin\net.dll
0x00007fff31b30000 - 0x00007fff31c67000 	C:\WINDOWS\SYSTEM32\WINHTTP.dll
0x00007fff36940000 - 0x00007fff369a9000 	C:\WINDOWS\system32\mswsock.dll
0x00007fff147f0000 - 0x00007fff14806000 	C:\Users\hp\.vscode\extensions\redhat.java-1.27.0-win32-x64\jre\17.0.10-win32-x86_64\bin\nio.dll
0x00007fff2c470000 - 0x00007fff2c480000 	c:\Users\hp\.vscode\extensions\redhat.java-1.27.0-win32-x64\jre\17.0.10-win32-x86_64\bin\verify.dll
0x00007fff07900000 - 0x00007fff0793e000 	C:\Users\hp\AppData\Roaming\Code\User\globalStorage\redhat.java\1.27.0\config_win\org.eclipse.equinox.launcher\org.eclipse.equinox.launcher.win32.win32.x86_64_1.2.900.v20240129-1338\eclipse_11900.dll
0x00007fff384e0000 - 0x00007fff38680000 	C:\WINDOWS\System32\ole32.dll

dbghelp: loaded successfully - version: 4.0.5 - missing functions: none
symbol engine: initialized successfully - sym options: 0x614 - pdb path: .;c:\Users\hp\.vscode\extensions\redhat.java-1.27.0-win32-x64\jre\17.0.10-win32-x86_64\bin;C:\WINDOWS\SYSTEM32;C:\WINDOWS\WinSxS\amd64_microsoft.windows.common-controls_6595b64144ccf1df_6.0.22621.2506_none_270c5ae97388e100;c:\Users\hp\.vscode\extensions\redhat.java-1.27.0-win32-x64\jre\17.0.10-win32-x86_64\bin\server;C:\Users\hp\AppData\Roaming\Code\User\globalStorage\redhat.java\1.27.0\config_win\org.eclipse.equinox.launcher\org.eclipse.equinox.launcher.win32.win32.x86_64_1.2.900.v20240129-1338

VM Arguments:
jvm_args: --add-modules=ALL-SYSTEM --add-opens=java.base/java.util=ALL-UNNAMED --add-opens=java.base/java.lang=ALL-UNNAMED --add-opens=java.base/sun.nio.fs=ALL-UNNAMED -Declipse.application=org.eclipse.jdt.ls.core.id1 -Dosgi.bundles.defaultStartLevel=4 -Declipse.product=org.eclipse.jdt.ls.core.product -Djava.import.generatesMetadataFilesAtProjectRoot=false -DDetectVMInstallationsJob.disabled=true -Dfile.encoding=utf8 -XX:+UseParallelGC -XX:GCTimeRatio=4 -XX:AdaptiveSizePolicyWeight=90 -Dsun.zip.disableMemoryMapping=true -Xmx1G -Xms100m -Xlog:disable -javaagent:c:\Users\hp\.vscode\extensions\redhat.java-1.27.0-win32-x64\lombok\lombok-1.18.31.jar -XX:+HeapDumpOnOutOfMemoryError -XX:HeapDumpPath=c:\Users\hp\AppData\Roaming\Code\User\workspaceStorage\1c5843b34a3158e84823a3ab318efdae\redhat.java -Daether.dependencyCollector.impl=bf 
java_command: c:\Users\hp\.vscode\extensions\redhat.java-1.27.0-win32-x64\server\plugins\org.eclipse.equinox.launcher_1.6.700.v20231214-2017.jar -configuration c:\Users\hp\AppData\Roaming\Code\User\globalStorage\redhat.java\1.27.0\config_win -data c:\Users\hp\AppData\Roaming\Code\User\workspaceStorage\1c5843b34a3158e84823a3ab318efdae\redhat.java\jdt_ws --stdio
java_class_path (initial): c:\Users\hp\.vscode\extensions\redhat.java-1.27.0-win32-x64\server\plugins\org.eclipse.equinox.launcher_1.6.700.v20231214-2017.jar
Launcher Type: SUN_STANDARD

[Global flags]
    uintx AdaptiveSizePolicyWeight                 = 90                                        {product} {command line}
     intx CICompilerCount                          = 4                                         {product} {ergonomic}
    uintx GCTimeRatio                              = 4                                         {product} {command line}
     bool HeapDumpOnOutOfMemoryError               = true                                   {manageable} {command line}
    ccstr HeapDumpPath                             = c:\Users\hp\AppData\Roaming\Code\User\workspaceStorage\1c5843b34a3158e84823a3ab318efdae\redhat.java         {manageable} {command line}
   size_t InitialHeapSize                          = 104857600                                 {product} {command line}
   size_t MaxHeapSize                              = 1073741824                                {product} {command line}
   size_t MaxNewSize                               = 357564416                                 {product} {ergonomic}
   size_t MinHeapDeltaBytes                        = 524288                                    {product} {ergonomic}
   size_t MinHeapSize                              = 104857600                                 {product} {command line}
   size_t NewSize                                  = 34603008                                  {product} {ergonomic}
    uintx NonNMethodCodeHeapSize                   = 5839372                                {pd product} {ergonomic}
    uintx NonProfiledCodeHeapSize                  = 122909434                              {pd product} {ergonomic}
   size_t OldSize                                  = 70254592                                  {product} {ergonomic}
    uintx ProfiledCodeHeapSize                     = 122909434                              {pd product} {ergonomic}
    uintx ReservedCodeCacheSize                    = 251658240                              {pd product} {ergonomic}
     bool SegmentedCodeCache                       = true                                      {product} {ergonomic}
   size_t SoftMaxHeapSize                          = 1073741824                             {manageable} {ergonomic}
     bool UseCompressedClassPointers               = true                           {product lp64_product} {ergonomic}
     bool UseCompressedOops                        = true                           {product lp64_product} {ergonomic}
     bool UseLargePagesIndividualAllocation        = false                                  {pd product} {ergonomic}
     bool UseParallelGC                            = true                                      {product} {command line}

Logging:
Log output configuration:
 #0: stdout all=off uptime,level,tags
 #1: stderr all=off uptime,level,tags

Environment Variables:
JAVA_HOME=C:\Program Files\Java\jdk-17
PATH=C:\Program Files\Common Files\Oracle\Java\javapath;C:\Program Files (x86)\Common Files\Oracle\Java\javapath;C:\ProgramData\Oracle\Java\javapath;C:\WINDOWS\system32;C:\WINDOWS;C:\WINDOWS\System32\Wbem;C:\WINDOWS\System32\WindowsPowerShell\v1.0\;C:\WINDOWS\System32\OpenSSH\;C:\MinGW\bin;C:\Program Files (x86)\MATLAB\R2007b\bin;C:\Program Files (x86)\MATLAB\R2007b\bin\win32;C:\Program Files\Git\cmd;C:\Program Files (x86)\nodejs\;C:\New folder\Scripts\;C:\New folder\;C:\Users\hp\AppData\Local\Microsoft\WindowsApps;C:\Users\hp\AppData\Local\Programs\Microsoft VS Code\bin;C:\MinGW\bin;C:\src\flutter\bin;C:\Users\hp\AppData\Local\Android\Sdk\platform-tools;C:\Users\hp\AppData\Local\Pub\Cache\bin;C:\Users\hp\AppData\Roaming\npm;C:\Program Files\Java\jdk-17\bin;C:\Program Files\Java\jdk1.8.0_321\bin;C:\Program Files\Java\jdk-21\bin;
USERNAME=hp
OS=Windows_NT
PROCESSOR_IDENTIFIER=AMD64 Family 23 Model 104 Stepping 1, AuthenticAMD
TMP=C:\Users\hp\AppData\Local\Temp
TEMP=C:\Users\hp\AppData\Local\Temp



Periodic native trim disabled


---------------  S Y S T E M  ---------------

OS:
 Windows 11 , 64 bit Build 22621 (10.0.22621.2506)
OS uptime: 9 days 11:31 hours

CPU: total 12 (initial active 12) (12 cores per cpu, 2 threads per core) family 23 model 104 stepping 1 microcode 0x0, cx8, cmov, fxsr, ht, mmx, 3dnowpref, sse, sse2, sse3, ssse3, sse4a, sse4.1, sse4.2, popcnt, lzcnt, tsc, tscinvbit, avx, avx2, aes, clmul, bmi1, bmi2, adx, sha, fma, vzeroupper, clflush, clflushopt
Processor Information for all 12 processors :
  Max Mhz: 2100, Current Mhz: 2100, Mhz Limit: 2100

Memory: 4k page, system-wide physical 7502M (99M free)
TotalPageFile size 26698M (AvailPageFile size 100M)
current process WorkingSet (physical memory assigned to process): 105M, peak: 107M
current process commit charge ("private bytes"): 221M, peak: 223M

vm_info: OpenJDK 64-Bit Server VM (17.0.10+7) for windows-amd64 JRE (17.0.10+7), built on Jan 16 2024 23:25:11 by "admin" with MS VC++ 16.10 / 16.11 (VS2019)

END.
