#
# There is insufficient memory for the Java Runtime Environment to continue.
# Native memory allocation (malloc) failed to allocate 988256 bytes for Chunk::new
# Possible reasons:
#   The system is out of physical RAM or swap space
#   The process is running with CompressedOops enabled, and the Java Heap may be blocking the growth of the native heap
# Possible solutions:
#   Reduce memory load on the system
#   Increase physical memory or swap space
#   Check if swap backing store is full
#   Decrease Java heap size (-Xmx/-Xms)
#   Decrease number of Java threads
#   Decrease Java thread stack sizes (-Xss)
#   Set larger code cache with -XX:ReservedCodeCacheSize=
#   JVM is running with Unscaled Compressed Oops mode in which the Java heap is
#     placed in the first 4GB address space. The Java Heap base address is the
#     maximum limit for the native heap growth. Please use -XX:HeapBaseMinAddress
#     to set the Java Heap base and to place the Java Heap above 4GB virtual address.
# This output file may be truncated or incomplete.
#
#  Out of Memory Error (arena.cpp:191), pid=16376, tid=65916
#
# JRE version: OpenJDK Runtime Environment Temurin-17.0.10+7 (17.0.10+7) (build 17.0.10+7)
# Java VM: OpenJDK 64-Bit Server VM Temurin-17.0.10+7 (17.0.10+7, mixed mode, tiered, compressed oops, compressed class ptrs, parallel gc, windows-amd64)
# No core dump will be written. Minidumps are not enabled by default on client versions of Windows
#

---------------  S U M M A R Y ------------

Command Line: --add-modules=ALL-SYSTEM --add-opens=java.base/java.util=ALL-UNNAMED --add-opens=java.base/java.lang=ALL-UNNAMED --add-opens=java.base/sun.nio.fs=ALL-UNNAMED -Declipse.application=org.eclipse.jdt.ls.core.id1 -Dosgi.bundles.defaultStartLevel=4 -Declipse.product=org.eclipse.jdt.ls.core.product -Djava.import.generatesMetadataFilesAtProjectRoot=false -DDetectVMInstallationsJob.disabled=true -Dfile.encoding=utf8 -XX:+UseParallelGC -XX:GCTimeRatio=4 -XX:AdaptiveSizePolicyWeight=90 -Dsun.zip.disableMemoryMapping=true -Xmx1G -Xms100m -Xlog:disable -javaagent:c:\Users\hp\.vscode\extensions\redhat.java-1.27.0-win32-x64\lombok\lombok-1.18.31.jar c:\Users\hp\.vscode\extensions\redhat.java-1.27.0-win32-x64\server\plugins\org.eclipse.equinox.launcher_1.6.700.v20231214-2017.jar -configuration c:\Users\hp\AppData\Roaming\Code\User\globalStorage\redhat.java\1.27.0\config_ss_win -data c:\Users\hp\AppData\Roaming\Code\User\workspaceStorage\1c5843b34a3158e84823a3ab318efdae\redhat.java\ss_ws --stdio

Host: AMD Ryzen 5 5500U with Radeon Graphics         , 12 cores, 7G,  Windows 11 , 64 bit Build 22621 (10.0.22621.2506)
Time: Sun Feb 11 23:55:20 2024 India Standard Time elapsed time: 6.691316 seconds (0d 0h 0m 6s)

---------------  T H R E A D  ---------------

Current thread (0x0000015ddb927560):  JavaThread "C2 CompilerThread0" daemon [_thread_in_native, id=65916, stack(0x0000003a72d00000,0x0000003a72e00000)]


Current CompileTask:
C2:   6691 2318       4       org.lombokweb.asm.ClassReader::readMethod (1066 bytes)

Stack: [0x0000003a72d00000,0x0000003a72e00000]
Native frames: (J=compiled Java code, j=interpreted, Vv=VM code, C=native code)
V  [jvm.dll+0x67d2c9]
V  [jvm.dll+0x834afa]
V  [jvm.dll+0x8365be]
V  [jvm.dll+0x836c23]
V  [jvm.dll+0x2477ff]
V  [jvm.dll+0xac514]
V  [jvm.dll+0xacb5c]
V  [jvm.dll+0x2aed1f]
V  [jvm.dll+0x584b67]
V  [jvm.dll+0x2228a2]
V  [jvm.dll+0x222c8f]
V  [jvm.dll+0x21bdb6]
V  [jvm.dll+0x219201]
V  [jvm.dll+0x1a502d]
V  [jvm.dll+0x2290de]
V  [jvm.dll+0x2272ac]
V  [jvm.dll+0x7e9bb7]
V  [jvm.dll+0x7e3fba]
V  [jvm.dll+0x67c1b5]
C  [ucrtbase.dll+0x29363]
C  [KERNEL32.DLL+0x1257d]
C  [ntdll.dll+0x5aa58]


---------------  P R O C E S S  ---------------

Threads class SMR info:
_java_thread_list=0x0000015ddd37a460, length=20, elements={
0x0000015dc28feca0, 0x0000015dd6784020, 0x0000015dd67858c0, 0x0000015ddb917ff0,
0x0000015ddb93b3a0, 0x0000015ddb91cd90, 0x0000015ddb920cc0, 0x0000015ddb927560,
0x0000015ddb928f90, 0x0000015ddb92a190, 0x0000015ddba1f4e0, 0x0000015ddd0b46b0,
0x0000015ddd8876e0, 0x0000015ddd89e9b0, 0x0000015ddd821bb0, 0x0000015ddd895ea0,
0x0000015dddc297e0, 0x0000015ddda4f900, 0x0000015ddda50320, 0x0000015ddda4e9d0
}

Java Threads: ( => current thread )
  0x0000015dc28feca0 JavaThread "main" [_thread_blocked, id=27984, stack(0x0000003a72400000,0x0000003a72500000)]
  0x0000015dd6784020 JavaThread "Reference Handler" daemon [_thread_blocked, id=55072, stack(0x0000003a72700000,0x0000003a72800000)]
  0x0000015dd67858c0 JavaThread "Finalizer" daemon [_thread_blocked, id=65656, stack(0x0000003a72800000,0x0000003a72900000)]
  0x0000015ddb917ff0 JavaThread "Signal Dispatcher" daemon [_thread_blocked, id=59656, stack(0x0000003a72900000,0x0000003a72a00000)]
  0x0000015ddb93b3a0 JavaThread "Attach Listener" daemon [_thread_blocked, id=20788, stack(0x0000003a72a00000,0x0000003a72b00000)]
  0x0000015ddb91cd90 JavaThread "Service Thread" daemon [_thread_blocked, id=65488, stack(0x0000003a72b00000,0x0000003a72c00000)]
  0x0000015ddb920cc0 JavaThread "Monitor Deflation Thread" daemon [_thread_blocked, id=65888, stack(0x0000003a72c00000,0x0000003a72d00000)]
=>0x0000015ddb927560 JavaThread "C2 CompilerThread0" daemon [_thread_in_native, id=65916, stack(0x0000003a72d00000,0x0000003a72e00000)]
  0x0000015ddb928f90 JavaThread "C1 CompilerThread0" daemon [_thread_blocked, id=65544, stack(0x0000003a72e00000,0x0000003a72f00000)]
  0x0000015ddb92a190 JavaThread "Sweeper thread" daemon [_thread_blocked, id=52452, stack(0x0000003a72f00000,0x0000003a73000000)]
  0x0000015ddba1f4e0 JavaThread "Common-Cleaner" daemon [_thread_blocked, id=57548, stack(0x0000003a73000000,0x0000003a73100000)]
  0x0000015ddd0b46b0 JavaThread "Notification Thread" daemon [_thread_blocked, id=59904, stack(0x0000003a73100000,0x0000003a73200000)]
  0x0000015ddd8876e0 JavaThread "Active Thread: Equinox Container: cb7d3d75-ba79-4371-bfee-2294b1425541" [_thread_blocked, id=62380, stack(0x0000003a73900000,0x0000003a73a00000)]
  0x0000015ddd89e9b0 JavaThread "Framework Event Dispatcher: Equinox Container: cb7d3d75-ba79-4371-bfee-2294b1425541" daemon [_thread_blocked, id=60108, stack(0x0000003a73a00000,0x0000003a73b00000)]
  0x0000015ddd821bb0 JavaThread "Start Level: Equinox Container: cb7d3d75-ba79-4371-bfee-2294b1425541" daemon [_thread_in_native, id=61796, stack(0x0000003a73b00000,0x0000003a73c00000)]
  0x0000015ddd895ea0 JavaThread "SCR Component Actor" daemon [_thread_blocked, id=10084, stack(0x0000003a73c00000,0x0000003a73d00000)]
  0x0000015dddc297e0 JavaThread "SCR Component Registry" daemon [_thread_blocked, id=65892, stack(0x0000003a73e00000,0x0000003a73f00000)]
  0x0000015ddda4f900 JavaThread "Worker-JM" [_thread_blocked, id=64984, stack(0x0000003a73f00000,0x0000003a74000000)]
  0x0000015ddda50320 JavaThread "Worker-0" [_thread_blocked, id=29348, stack(0x0000003a74200000,0x0000003a74300000)]
  0x0000015ddda4e9d0 JavaThread "Worker-1" [_thread_blocked, id=51636, stack(0x0000003a74300000,0x0000003a74400000)]

Other Threads:
  0x0000015dc2989370 VMThread "VM Thread" [stack: 0x0000003a72600000,0x0000003a72700000] [id=65284]
  0x0000015ddbc64d50 WatcherThread [stack: 0x0000003a73200000,0x0000003a73300000] [id=15020]
  0x0000015dc2912470 GCTaskThread "GC Thread#0" [stack: 0x0000003a72500000,0x0000003a72600000] [id=66448]
  0x0000015ddd830a40 GCTaskThread "GC Thread#1" [stack: 0x0000003a73300000,0x0000003a73400000] [id=5788]
  0x0000015ddd830d00 GCTaskThread "GC Thread#2" [stack: 0x0000003a73400000,0x0000003a73500000] [id=60356]
  0x0000015ddda148f0 GCTaskThread "GC Thread#3" [stack: 0x0000003a73500000,0x0000003a73600000] [id=56632]
  0x0000015ddd36f870 GCTaskThread "GC Thread#4" [stack: 0x0000003a73600000,0x0000003a73700000] [id=57636]
  0x0000015ddd36fb30 GCTaskThread "GC Thread#5" [stack: 0x0000003a73700000,0x0000003a73800000] [id=59484]
  0x0000015ddd4a1860 GCTaskThread "GC Thread#6" [stack: 0x0000003a73800000,0x0000003a73900000] [id=66260]
  0x0000015ddd7b7410 GCTaskThread "GC Thread#7" [stack: 0x0000003a73d00000,0x0000003a73e00000] [id=66324]
  0x0000015dddb56840 GCTaskThread "GC Thread#8" [stack: 0x0000003a74000000,0x0000003a74100000] [id=61880]
  0x0000015dddcf9040 GCTaskThread "GC Thread#9" [stack: 0x0000003a74100000,0x0000003a74200000] [id=59636]

Threads with active compile tasks:
C2 CompilerThread0     6726 2318       4       org.lombokweb.asm.ClassReader::readMethod (1066 bytes)

VM state: not at safepoint (normal execution)

VM Mutex/Monitor currently owned by a thread: None

Heap address: 0x00000000c0000000, size: 1024 MB, Compressed Oops mode: 32-bit

CDS archive(s) not mapped
Compressed class space mapped at: 0x0000000100000000-0x0000000140000000, reserved size: 1073741824
Narrow klass base: 0x0000000000000000, Narrow klass shift: 3, Narrow klass range: 0x140000000

GC Precious Log:
 CPUs: 12 total, 12 available
 Memory: 7502M
 Large Page Support: Disabled
 NUMA Support: Disabled
 Compressed Oops: Enabled (32-bit)
 Alignments: Space 512K, Generation 512K, Heap 2M
 Heap Min Capacity: 100M
 Heap Initial Capacity: 100M
 Heap Max Capacity: 1G
 Pre-touch: Disabled
 Parallel Workers: 10

Heap:
 PSYoungGen      total 26112K, used 13902K [0x00000000eab00000, 0x00000000ec880000, 0x0000000100000000)
  eden space 25088K, 52% used [0x00000000eab00000,0x00000000eb7d0590,0x00000000ec380000)
  from space 1024K, 76% used [0x00000000ec400000,0x00000000ec4c3278,0x00000000ec500000)
  to   space 2560K, 0% used [0x00000000ec600000,0x00000000ec600000,0x00000000ec880000)
 ParOldGen       total 68608K, used 6622K [0x00000000c0000000, 0x00000000c4300000, 0x00000000eab00000)
  object space 68608K, 9% used [0x00000000c0000000,0x00000000c0677928,0x00000000c4300000)
 Metaspace       used 26187K, committed 26624K, reserved 1114112K
  class space    used 2556K, committed 2752K, reserved 1048576K

Card table byte_map: [0x0000015dc2290000,0x0000015dc24a0000] _byte_map_base: 0x0000015dc1c90000

Marking Bits: (ParMarkBitMap*) 0x00007ffee9b3d7d0
 Begin Bits: [0x0000015dd4590000, 0x0000015dd5590000)
 End Bits:   [0x0000015dd5590000, 0x0000015dd6590000)

Polling page: 0x0000015dc0850000

Metaspace:

Usage:
  Non-class:     23.08 MB used.
      Class:      2.50 MB used.
       Both:     25.57 MB used.

Virtual space:
  Non-class space:       64.00 MB reserved,      23.31 MB ( 36%) committed,  1 nodes.
      Class space:        1.00 GB reserved,       2.69 MB ( <1%) committed,  1 nodes.
             Both:        1.06 GB reserved,      26.00 MB (  2%) committed. 

Chunk freelists:
   Non-Class:  8.20 MB
       Class:  13.31 MB
        Both:  21.51 MB

MaxMetaspaceSize: unlimited
CompressedClassSpaceSize: 1.00 GB
Initial GC threshold: 21.00 MB
Current GC threshold: 35.00 MB
CDS: off
MetaspaceReclaimPolicy: balanced
 - commit_granule_bytes: 65536.
 - commit_granule_words: 8192.
 - virtual_space_node_default_size: 8388608.
 - enlarge_chunks_in_place: 1.
 - new_chunks_are_fully_committed: 0.
 - uncommit_free_chunks: 1.
 - use_allocation_guard: 0.
 - handle_deallocations: 1.


Internal statistics:

num_allocs_failed_limit: 5.
num_arena_births: 276.
num_arena_deaths: 14.
num_vsnodes_births: 2.
num_vsnodes_deaths: 0.
num_space_committed: 416.
num_space_uncommitted: 0.
num_chunks_returned_to_freelist: 19.
num_chunks_taken_from_freelist: 985.
num_chunk_merges: 6.
num_chunk_splits: 641.
num_chunks_enlarged: 452.
num_inconsistent_stats: 0.

CodeHeap 'non-profiled nmethods': size=120000Kb used=894Kb max_used=894Kb free=119105Kb
 bounds [0x0000015dcd060000, 0x0000015dcd2d0000, 0x0000015dd4590000]
CodeHeap 'profiled nmethods': size=120000Kb used=4635Kb max_used=4635Kb free=115364Kb
 bounds [0x0000015dc5590000, 0x0000015dc5a20000, 0x0000015dccac0000]
CodeHeap 'non-nmethods': size=5760Kb used=1226Kb max_used=1226Kb free=4533Kb
 bounds [0x0000015dccac0000, 0x0000015dccd30000, 0x0000015dcd060000]
 total_blobs=2881 nmethods=2346 adapters=449
 compilation: enabled
              stopped_count=0, restarted_count=0
 full_count=0

Compilation events (20 events):
Event: 6.598 Thread 0x0000015ddb928f90 2336       3       org.lombokweb.asm.Symbol::getArgumentsAndReturnSizes (23 bytes)
Event: 6.598 Thread 0x0000015ddb928f90 nmethod 2336 0x0000015dc5a08110 code [0x0000015dc5a082c0, 0x0000015dc5a08448]
Event: 6.598 Thread 0x0000015ddb928f90 2333       3       org.lombokweb.asm.Label::put (83 bytes)
Event: 6.598 Thread 0x0000015ddb928f90 nmethod 2333 0x0000015dc5a08510 code [0x0000015dc5a08720, 0x0000015dc5a08b58]
Event: 6.643 Thread 0x0000015ddb928f90 2337       3       org.lombokweb.asm.ClassReader::<init> (371 bytes)
Event: 6.646 Thread 0x0000015ddb928f90 nmethod 2337 0x0000015dc5a08d10 code [0x0000015dc5a08fe0, 0x0000015dc5a0a198]
Event: 6.646 Thread 0x0000015ddb928f90 2338 %     3       org.lombokweb.asm.SymbolTable::<init> @ 98 (536 bytes)
Event: 6.650 Thread 0x0000015ddb928f90 nmethod 2338% 0x0000015dc5a0a710 code [0x0000015dc5a0acc0, 0x0000015dc5a0d8c8]
Event: 6.650 Thread 0x0000015ddb928f90 2341       3       org.lombokweb.asm.MethodWriter::visitMethodInsn (191 bytes)
Event: 6.651 Thread 0x0000015ddb928f90 nmethod 2341 0x0000015dc5a0ea90 code [0x0000015dc5a0ecc0, 0x0000015dc5a0f4c8]
Event: 6.651 Thread 0x0000015ddb928f90 2342       3       org.lombokweb.asm.SymbolTable::addConstantMethodref (24 bytes)
Event: 6.652 Thread 0x0000015ddb928f90 nmethod 2342 0x0000015dc5a0f810 code [0x0000015dc5a0f9c0, 0x0000015dc5a0fb68]
Event: 6.652 Thread 0x0000015ddb928f90 2340       3       org.lombokweb.asm.SymbolTable::put (150 bytes)
Event: 6.652 Thread 0x0000015ddb928f90 nmethod 2340 0x0000015dc5a0fc10 code [0x0000015dc5a0fde0, 0x0000015dc5a104f8]
Event: 6.652 Thread 0x0000015ddb928f90 2339       3       org.lombokweb.asm.ClassReader::readLong (29 bytes)
Event: 6.652 Thread 0x0000015ddb928f90 nmethod 2339 0x0000015dc5a10810 code [0x0000015dc5a109c0, 0x0000015dc5a10b78]
Event: 6.664 Thread 0x0000015ddb928f90 2345       3       org.lombokweb.asm.SymbolTable::<init> (536 bytes)
Event: 6.668 Thread 0x0000015ddb928f90 nmethod 2345 0x0000015dc5a10c90 code [0x0000015dc5a11220, 0x0000015dc5a13b28]
Event: 6.668 Thread 0x0000015ddb928f90 2346       3       org.lombokweb.asm.Type::hashCode (68 bytes)
Event: 6.669 Thread 0x0000015ddb928f90 nmethod 2346 0x0000015dc5a14c90 code [0x0000015dc5a14ea0, 0x0000015dc5a155d8]

GC Heap History (12 events):
Event: 2.962 GC heap before
{Heap before GC invocations=1 (full 0):
 PSYoungGen      total 29696K, used 25600K [0x00000000eab00000, 0x00000000ecc00000, 0x0000000100000000)
  eden space 25600K, 100% used [0x00000000eab00000,0x00000000ec400000,0x00000000ec400000)
  from space 4096K, 0% used [0x00000000ec800000,0x00000000ec800000,0x00000000ecc00000)
  to   space 4096K, 0% used [0x00000000ec400000,0x00000000ec400000,0x00000000ec800000)
 ParOldGen       total 68608K, used 0K [0x00000000c0000000, 0x00000000c4300000, 0x00000000eab00000)
  object space 68608K, 0% used [0x00000000c0000000,0x00000000c0000000,0x00000000c4300000)
 Metaspace       used 11033K, committed 11200K, reserved 1114112K
  class space    used 1098K, committed 1216K, reserved 1048576K
}
Event: 2.971 GC heap after
{Heap after GC invocations=1 (full 0):
 PSYoungGen      total 29696K, used 3165K [0x00000000eab00000, 0x00000000ecc00000, 0x0000000100000000)
  eden space 25600K, 0% used [0x00000000eab00000,0x00000000eab00000,0x00000000ec400000)
  from space 4096K, 77% used [0x00000000ec400000,0x00000000ec7175a8,0x00000000ec800000)
  to   space 4096K, 0% used [0x00000000ec800000,0x00000000ec800000,0x00000000ecc00000)
 ParOldGen       total 68608K, used 16K [0x00000000c0000000, 0x00000000c4300000, 0x00000000eab00000)
  object space 68608K, 0% used [0x00000000c0000000,0x00000000c0004000,0x00000000c4300000)
 Metaspace       used 11033K, committed 11200K, reserved 1114112K
  class space    used 1098K, committed 1216K, reserved 1048576K
}
Event: 4.282 GC heap before
{Heap before GC invocations=2 (full 0):
 PSYoungGen      total 29696K, used 28765K [0x00000000eab00000, 0x00000000ecc00000, 0x0000000100000000)
  eden space 25600K, 100% used [0x00000000eab00000,0x00000000ec400000,0x00000000ec400000)
  from space 4096K, 77% used [0x00000000ec400000,0x00000000ec7175a8,0x00000000ec800000)
  to   space 4096K, 0% used [0x00000000ec800000,0x00000000ec800000,0x00000000ecc00000)
 ParOldGen       total 68608K, used 16K [0x00000000c0000000, 0x00000000c4300000, 0x00000000eab00000)
  object space 68608K, 0% used [0x00000000c0000000,0x00000000c0004000,0x00000000c4300000)
 Metaspace       used 14851K, committed 15168K, reserved 1114112K
  class space    used 1506K, committed 1664K, reserved 1048576K
}
Event: 4.289 GC heap after
{Heap after GC invocations=2 (full 0):
 PSYoungGen      total 29696K, used 4090K [0x00000000eab00000, 0x00000000ecc00000, 0x0000000100000000)
  eden space 25600K, 0% used [0x00000000eab00000,0x00000000eab00000,0x00000000ec400000)
  from space 4096K, 99% used [0x00000000ec800000,0x00000000ecbfe980,0x00000000ecc00000)
  to   space 4096K, 0% used [0x00000000ec400000,0x00000000ec400000,0x00000000ec800000)
 ParOldGen       total 68608K, used 752K [0x00000000c0000000, 0x00000000c4300000, 0x00000000eab00000)
  object space 68608K, 1% used [0x00000000c0000000,0x00000000c00bc020,0x00000000c4300000)
 Metaspace       used 14851K, committed 15168K, reserved 1114112K
  class space    used 1506K, committed 1664K, reserved 1048576K
}
Event: 5.605 GC heap before
{Heap before GC invocations=3 (full 0):
 PSYoungGen      total 29696K, used 29690K [0x00000000eab00000, 0x00000000ecc00000, 0x0000000100000000)
  eden space 25600K, 100% used [0x00000000eab00000,0x00000000ec400000,0x00000000ec400000)
  from space 4096K, 99% used [0x00000000ec800000,0x00000000ecbfe980,0x00000000ecc00000)
  to   space 4096K, 0% used [0x00000000ec400000,0x00000000ec400000,0x00000000ec800000)
 ParOldGen       total 68608K, used 752K [0x00000000c0000000, 0x00000000c4300000, 0x00000000eab00000)
  object space 68608K, 1% used [0x00000000c0000000,0x00000000c00bc020,0x00000000c4300000)
 Metaspace       used 20039K, committed 20416K, reserved 1114112K
  class space    used 2041K, committed 2176K, reserved 1048576K
}
Event: 5.611 GC heap after
{Heap after GC invocations=3 (full 0):
 PSYoungGen      total 29696K, used 4064K [0x00000000eab00000, 0x00000000ecc00000, 0x0000000100000000)
  eden space 25600K, 0% used [0x00000000eab00000,0x00000000eab00000,0x00000000ec400000)
  from space 4096K, 99% used [0x00000000ec400000,0x00000000ec7f8050,0x00000000ec800000)
  to   space 4096K, 0% used [0x00000000ec800000,0x00000000ec800000,0x00000000ecc00000)
 ParOldGen       total 68608K, used 2505K [0x00000000c0000000, 0x00000000c4300000, 0x00000000eab00000)
  object space 68608K, 3% used [0x00000000c0000000,0x00000000c0272748,0x00000000c4300000)
 Metaspace       used 20039K, committed 20416K, reserved 1114112K
  class space    used 2041K, committed 2176K, reserved 1048576K
}
Event: 5.972 GC heap before
{Heap before GC invocations=4 (full 0):
 PSYoungGen      total 29696K, used 10641K [0x00000000eab00000, 0x00000000ecc00000, 0x0000000100000000)
  eden space 25600K, 25% used [0x00000000eab00000,0x00000000eb16c4f8,0x00000000ec400000)
  from space 4096K, 99% used [0x00000000ec400000,0x00000000ec7f8050,0x00000000ec800000)
  to   space 4096K, 0% used [0x00000000ec800000,0x00000000ec800000,0x00000000ecc00000)
 ParOldGen       total 68608K, used 2505K [0x00000000c0000000, 0x00000000c4300000, 0x00000000eab00000)
  object space 68608K, 3% used [0x00000000c0000000,0x00000000c0272748,0x00000000c4300000)
 Metaspace       used 21107K, committed 21504K, reserved 1114112K
  class space    used 2166K, committed 2368K, reserved 1048576K
}
Event: 5.976 GC heap after
{Heap after GC invocations=4 (full 0):
 PSYoungGen      total 29696K, used 4080K [0x00000000eab00000, 0x00000000ecc00000, 0x0000000100000000)
  eden space 25600K, 0% used [0x00000000eab00000,0x00000000eab00000,0x00000000ec400000)
  from space 4096K, 99% used [0x00000000ec800000,0x00000000ecbfc060,0x00000000ecc00000)
  to   space 4096K, 0% used [0x00000000ec400000,0x00000000ec400000,0x00000000ec800000)
 ParOldGen       total 68608K, used 2742K [0x00000000c0000000, 0x00000000c4300000, 0x00000000eab00000)
  object space 68608K, 3% used [0x00000000c0000000,0x00000000c02ad960,0x00000000c4300000)
 Metaspace       used 21107K, committed 21504K, reserved 1114112K
  class space    used 2166K, committed 2368K, reserved 1048576K
}
Event: 5.976 GC heap before
{Heap before GC invocations=5 (full 1):
 PSYoungGen      total 29696K, used 4080K [0x00000000eab00000, 0x00000000ecc00000, 0x0000000100000000)
  eden space 25600K, 0% used [0x00000000eab00000,0x00000000eab00000,0x00000000ec400000)
  from space 4096K, 99% used [0x00000000ec800000,0x00000000ecbfc060,0x00000000ecc00000)
  to   space 4096K, 0% used [0x00000000ec400000,0x00000000ec400000,0x00000000ec800000)
 ParOldGen       total 68608K, used 2742K [0x00000000c0000000, 0x00000000c4300000, 0x00000000eab00000)
  object space 68608K, 3% used [0x00000000c0000000,0x00000000c02ad960,0x00000000c4300000)
 Metaspace       used 21107K, committed 21504K, reserved 1114112K
  class space    used 2166K, committed 2368K, reserved 1048576K
}
Event: 6.003 GC heap after
{Heap after GC invocations=5 (full 1):
 PSYoungGen      total 29696K, used 0K [0x00000000eab00000, 0x00000000ecc00000, 0x0000000100000000)
  eden space 25600K, 0% used [0x00000000eab00000,0x00000000eab00000,0x00000000ec400000)
  from space 4096K, 0% used [0x00000000ec800000,0x00000000ec800000,0x00000000ecc00000)
  to   space 4096K, 0% used [0x00000000ec400000,0x00000000ec400000,0x00000000ec800000)
 ParOldGen       total 68608K, used 6614K [0x00000000c0000000, 0x00000000c4300000, 0x00000000eab00000)
  object space 68608K, 9% used [0x00000000c0000000,0x00000000c0675928,0x00000000c4300000)
 Metaspace       used 21094K, committed 21504K, reserved 1114112K
  class space    used 2162K, committed 2368K, reserved 1048576K
}
Event: 6.418 GC heap before
{Heap before GC invocations=6 (full 1):
 PSYoungGen      total 29696K, used 25600K [0x00000000eab00000, 0x00000000ecc00000, 0x0000000100000000)
  eden space 25600K, 100% used [0x00000000eab00000,0x00000000ec400000,0x00000000ec400000)
  from space 4096K, 0% used [0x00000000ec800000,0x00000000ec800000,0x00000000ecc00000)
  to   space 4096K, 0% used [0x00000000ec400000,0x00000000ec400000,0x00000000ec800000)
 ParOldGen       total 68608K, used 6614K [0x00000000c0000000, 0x00000000c4300000, 0x00000000eab00000)
  object space 68608K, 9% used [0x00000000c0000000,0x00000000c0675928,0x00000000c4300000)
 Metaspace       used 24010K, committed 24448K, reserved 1114112K
  class space    used 2360K, committed 2560K, reserved 1048576K
}
Event: 6.420 GC heap after
{Heap after GC invocations=6 (full 1):
 PSYoungGen      total 26112K, used 780K [0x00000000eab00000, 0x00000000ec880000, 0x0000000100000000)
  eden space 25088K, 0% used [0x00000000eab00000,0x00000000eab00000,0x00000000ec380000)
  from space 1024K, 76% used [0x00000000ec400000,0x00000000ec4c3278,0x00000000ec500000)
  to   space 2560K, 0% used [0x00000000ec600000,0x00000000ec600000,0x00000000ec880000)
 ParOldGen       total 68608K, used 6622K [0x00000000c0000000, 0x00000000c4300000, 0x00000000eab00000)
  object space 68608K, 9% used [0x00000000c0000000,0x00000000c0677928,0x00000000c4300000)
 Metaspace       used 24010K, committed 24448K, reserved 1114112K
  class space    used 2360K, committed 2560K, reserved 1048576K
}

Dll operation events (9 events):
Event: 0.101 Loaded shared library c:\Users\hp\.vscode\extensions\redhat.java-1.27.0-win32-x64\jre\17.0.10-win32-x86_64\bin\java.dll
Event: 0.321 Loaded shared library c:\Users\hp\.vscode\extensions\redhat.java-1.27.0-win32-x64\jre\17.0.10-win32-x86_64\bin\zip.dll
Event: 0.324 Loaded shared library C:\Users\hp\.vscode\extensions\redhat.java-1.27.0-win32-x64\jre\17.0.10-win32-x86_64\bin\instrument.dll
Event: 0.342 Loaded shared library C:\Users\hp\.vscode\extensions\redhat.java-1.27.0-win32-x64\jre\17.0.10-win32-x86_64\bin\net.dll
Event: 0.345 Loaded shared library C:\Users\hp\.vscode\extensions\redhat.java-1.27.0-win32-x64\jre\17.0.10-win32-x86_64\bin\nio.dll
Event: 0.353 Loaded shared library C:\Users\hp\.vscode\extensions\redhat.java-1.27.0-win32-x64\jre\17.0.10-win32-x86_64\bin\zip.dll
Event: 0.387 Loaded shared library C:\Users\hp\.vscode\extensions\redhat.java-1.27.0-win32-x64\jre\17.0.10-win32-x86_64\bin\jimage.dll
Event: 0.534 Loaded shared library c:\Users\hp\.vscode\extensions\redhat.java-1.27.0-win32-x64\jre\17.0.10-win32-x86_64\bin\verify.dll
Event: 4.053 Loaded shared library C:\Users\hp\AppData\Roaming\Code\User\globalStorage\redhat.java\1.27.0\config_ss_win\org.eclipse.equinox.launcher\org.eclipse.equinox.launcher.win32.win32.x86_64_1.2.900.v20240129-1338\eclipse_11900.dll

Deoptimization events (20 events):
Event: 4.957 Thread 0x0000015ddd821bb0 Uncommon trap: trap_request=0xffffffc6 fr.pc=0x0000015dcd10ca18 relative=0x0000000000000358
Event: 4.957 Thread 0x0000015ddd821bb0 Uncommon trap: reason=bimorphic_or_optimized_type_check action=maybe_recompile pc=0x0000015dcd10ca18 method=java.io.DataInputStream.readUnsignedByte()I @ 4 c2
Event: 4.957 Thread 0x0000015ddd821bb0 DEOPT PACKING pc=0x0000015dcd10ca18 sp=0x0000003a73bf87a0
Event: 4.957 Thread 0x0000015ddd821bb0 DEOPT UNPACKING pc=0x0000015dccb166a3 sp=0x0000003a73bf86f8 mode 2
Event: 4.957 Thread 0x0000015ddd821bb0 Uncommon trap: trap_request=0xffffffc6 fr.pc=0x0000015dcd10ca18 relative=0x0000000000000358
Event: 4.957 Thread 0x0000015ddd821bb0 Uncommon trap: reason=bimorphic_or_optimized_type_check action=maybe_recompile pc=0x0000015dcd10ca18 method=java.io.DataInputStream.readUnsignedByte()I @ 4 c2
Event: 4.957 Thread 0x0000015ddd821bb0 DEOPT PACKING pc=0x0000015dcd10ca18 sp=0x0000003a73bf87a0
Event: 4.957 Thread 0x0000015ddd821bb0 DEOPT UNPACKING pc=0x0000015dccb166a3 sp=0x0000003a73bf86f8 mode 2
Event: 5.465 Thread 0x0000015ddd821bb0 Uncommon trap: trap_request=0xffffff45 fr.pc=0x0000015dcd11bb8c relative=0x0000000000000f6c
Event: 5.465 Thread 0x0000015ddd821bb0 Uncommon trap: reason=unstable_if action=reinterpret pc=0x0000015dcd11bb8c method=java.util.Properties.loadConvert([CIILjava/lang/StringBuilder;)Ljava/lang/String; @ 491 c2
Event: 5.465 Thread 0x0000015ddd821bb0 DEOPT PACKING pc=0x0000015dcd11bb8c sp=0x0000003a73bf7a90
Event: 5.465 Thread 0x0000015ddd821bb0 DEOPT UNPACKING pc=0x0000015dccb166a3 sp=0x0000003a73bf7a70 mode 2
Event: 5.835 Thread 0x0000015ddd821bb0 Uncommon trap: trap_request=0xffffff45 fr.pc=0x0000015dcd0f6940 relative=0x0000000000000040
Event: 5.835 Thread 0x0000015ddd821bb0 Uncommon trap: reason=unstable_if action=reinterpret pc=0x0000015dcd0f6940 method=sun.nio.fs.WindowsPathParser.isSlash(C)Z @ 9 c2
Event: 5.835 Thread 0x0000015ddd821bb0 DEOPT PACKING pc=0x0000015dcd0f6940 sp=0x0000003a73bf9100
Event: 5.835 Thread 0x0000015ddd821bb0 DEOPT UNPACKING pc=0x0000015dccb166a3 sp=0x0000003a73bf9088 mode 2
Event: 6.596 Thread 0x0000015ddd821bb0 Uncommon trap: trap_request=0xffffff45 fr.pc=0x0000015dcd13e490 relative=0x00000000000002f0
Event: 6.596 Thread 0x0000015ddd821bb0 Uncommon trap: reason=unstable_if action=reinterpret pc=0x0000015dcd13e490 method=org.lombokweb.asm.Label.resolve([BI)Z @ 80 c2
Event: 6.596 Thread 0x0000015ddd821bb0 DEOPT PACKING pc=0x0000015dcd13e490 sp=0x0000003a73bf2870
Event: 6.596 Thread 0x0000015ddd821bb0 DEOPT UNPACKING pc=0x0000015dccb166a3 sp=0x0000003a73bf2770 mode 2

Classes unloaded (7 events):
Event: 5.981 Thread 0x0000015dc2989370 Unloading class 0x000000010021e400 'java/lang/invoke/LambdaForm$MH+0x000000010021e400'
Event: 5.981 Thread 0x0000015dc2989370 Unloading class 0x000000010021e000 'java/lang/invoke/LambdaForm$MH+0x000000010021e000'
Event: 5.981 Thread 0x0000015dc2989370 Unloading class 0x000000010021dc00 'java/lang/invoke/LambdaForm$MH+0x000000010021dc00'
Event: 5.981 Thread 0x0000015dc2989370 Unloading class 0x000000010021d800 'java/lang/invoke/LambdaForm$MH+0x000000010021d800'
Event: 5.981 Thread 0x0000015dc2989370 Unloading class 0x000000010021d400 'java/lang/invoke/LambdaForm$BMH+0x000000010021d400'
Event: 5.981 Thread 0x0000015dc2989370 Unloading class 0x000000010021d000 'java/lang/invoke/LambdaForm$DMH+0x000000010021d000'
Event: 5.981 Thread 0x0000015dc2989370 Unloading class 0x0000000100218400 'java/lang/invoke/LambdaForm$DMH+0x0000000100218400'

Classes redefined (0 events):
No events

Internal exceptions (20 events):
Event: 5.169 Thread 0x0000015ddd821bb0 Exception <a 'java/lang/NoSuchMethodError'{0x00000000ebf6af28}: 'int java.lang.invoke.DirectMethodHandle$Holder.invokeStatic(java.lang.Object, java.lang.Object, int)'> (0x00000000ebf6af28) 
thrown [s\src\hotspot\share\interpreter\linkResolver.cpp, line 759]
Event: 5.170 Thread 0x0000015ddd821bb0 Exception <a 'java/lang/NoSuchMethodError'{0x00000000ebf6ef50}: 'int java.lang.invoke.DirectMethodHandle$Holder.invokeSpecial(java.lang.Object, java.lang.Object, java.lang.Object, int)'> (0x00000000ebf6ef50) 
thrown [s\src\hotspot\share\interpreter\linkResolver.cpp, line 759]
Event: 5.174 Thread 0x0000015ddd821bb0 Exception <a 'java/lang/NoSuchMethodError'{0x00000000ebf89ec0}: 'java.lang.Object java.lang.invoke.DirectMethodHandle$Holder.invokeStatic(java.lang.Object, java.lang.Object, java.lang.Object, java.lang.Object, int)'> (0x00000000ebf89ec0) 
thrown [s\src\hotspot\share\interpreter\linkResolver.cpp, line 759]
Event: 5.177 Thread 0x0000015ddd821bb0 Exception <a 'java/lang/NoSuchMethodError'{0x00000000ebf95eb8}: 'java.lang.Object java.lang.invoke.DelegatingMethodHandle$Holder.reinvoke_L(java.lang.Object, java.lang.Object, java.lang.Object, java.lang.Object, int, int)'> (0x00000000ebf95eb8) 
thrown [s\src\hotspot\share\interpreter\linkResolver.cpp, line 759]
Event: 5.183 Thread 0x0000015ddd821bb0 Exception <a 'java/lang/NoSuchMethodError'{0x00000000ebfaa6d8}: 'java.lang.Object java.lang.invoke.Invokers$Holder.invokeExact_MT(java.lang.Object, java.lang.Object, java.lang.Object, java.lang.Object)'> (0x00000000ebfaa6d8) 
thrown [s\src\hotspot\share\interpreter\linkResolver.cpp, line 759]
Event: 5.488 Thread 0x0000015ddd821bb0 Exception <a 'java/io/FileNotFoundException'{0x00000000ec219bb0}> (0x00000000ec219bb0) 
thrown [s\src\hotspot\share\prims\jni.cpp, line 516]
Event: 5.490 Thread 0x0000015ddd821bb0 Exception <a 'java/io/FileNotFoundException'{0x00000000ec2204e8}> (0x00000000ec2204e8) 
thrown [s\src\hotspot\share\prims\jni.cpp, line 516]
Event: 5.632 Thread 0x0000015ddd821bb0 Exception <a 'java/lang/NoSuchMethodError'{0x00000000eabbf458}: 'java.lang.Object java.lang.invoke.DirectMethodHandle$Holder.newInvokeSpecial(java.lang.Object, java.lang.Object, java.lang.Object, java.lang.Object, java.lang.Object)'> (0x00000000eabbf458) 
thrown [s\src\hotspot\share\interpreter\linkResolver.cpp, line 759]
Event: 5.895 Thread 0x0000015ddd821bb0 Exception <a 'java/lang/NoSuchMethodError'{0x00000000eaf50a70}: 'java.lang.Object java.lang.invoke.DirectMethodHandle$Holder.invokeSpecial(java.lang.Object, java.lang.Object, java.lang.Object, long, java.lang.Object)'> (0x00000000eaf50a70) 
thrown [s\src\hotspot\share\interpreter\linkResolver.cpp, line 759]
Event: 5.896 Thread 0x0000015ddd821bb0 Exception <a 'java/lang/NoSuchMethodError'{0x00000000eaf58c28}: 'java.lang.Object java.lang.invoke.DirectMethodHandle$Holder.newInvokeSpecial(java.lang.Object, java.lang.Object, java.lang.Object, long)'> (0x00000000eaf58c28) 
thrown [s\src\hotspot\share\interpreter\linkResolver.cpp, line 759]
Event: 5.897 Thread 0x0000015ddd821bb0 Exception <a 'java/lang/NoSuchMethodError'{0x00000000eaf5d1c8}: 'java.lang.Object java.lang.invoke.DirectMethodHandle$Holder.invokeSpecial(java.lang.Object, java.lang.Object, java.lang.Object, java.lang.Object, long)'> (0x00000000eaf5d1c8) 
thrown [s\src\hotspot\share\interpreter\linkResolver.cpp, line 759]
Event: 5.897 Thread 0x0000015ddd821bb0 Exception <a 'java/lang/NoSuchMethodError'{0x00000000eaf61040}: 'java.lang.Object java.lang.invoke.Invokers$Holder.linkToTargetMethod(java.lang.Object, java.lang.Object, long, java.lang.Object)'> (0x00000000eaf61040) 
thrown [s\src\hotspot\share\interpreter\linkResolver.cpp, line 759]
Event: 5.912 Thread 0x0000015ddd821bb0 Exception <a 'java/lang/NoSuchMethodError'{0x00000000eafbf068}: 'int java.lang.invoke.DirectMethodHandle$Holder.invokeStaticInit(java.lang.Object, java.lang.Object, java.lang.Object)'> (0x00000000eafbf068) 
thrown [s\src\hotspot\share\interpreter\linkResolver.cpp, line 759]
Event: 5.924 Thread 0x0000015ddd821bb0 Exception <a 'java/lang/IncompatibleClassChangeError'{0x00000000eb04a838}: Found class java.lang.Object, but interface was expected> (0x00000000eb04a838) 
thrown [s\src\hotspot\share\interpreter\linkResolver.cpp, line 826]
Event: 5.939 Thread 0x0000015ddd821bb0 Exception <a 'java/lang/NoSuchMethodError'{0x00000000eb0649e8}: 'java.lang.Object java.lang.invoke.DirectMethodHandle$Holder.invokeSpecial(java.lang.Object, java.lang.Object, java.lang.Object, int, java.lang.Object, java.lang.Object)'> (0x00000000eb0649e8) 
thrown [s\src\hotspot\share\interpreter\linkResolver.cpp, line 759]
Event: 5.942 Thread 0x0000015ddd821bb0 Exception <a 'java/lang/NoSuchMethodError'{0x00000000eb06d170}: 'java.lang.Object java.lang.invoke.DirectMethodHandle$Holder.newInvokeSpecial(java.lang.Object, java.lang.Object, java.lang.Object, int, java.lang.Object)'> (0x00000000eb06d170) 
thrown [s\src\hotspot\share\interpreter\linkResolver.cpp, line 759]
Event: 5.942 Thread 0x0000015ddd821bb0 Exception <a 'java/lang/NoSuchMethodError'{0x00000000eb0715c8}: 'java.lang.Object java.lang.invoke.DirectMethodHandle$Holder.invokeSpecial(java.lang.Object, java.lang.Object, java.lang.Object, java.lang.Object, int, java.lang.Object)'> (0x00000000eb0715c8) 
thrown [s\src\hotspot\share\interpreter\linkResolver.cpp, line 759]
Event: 5.945 Thread 0x0000015ddda50320 Exception <a 'java/lang/NoSuchMethodError'{0x00000000eafc5208}: 'java.lang.Object java.lang.invoke.DirectMethodHandle$Holder.invokeSpecial(java.lang.Object, java.lang.Object, int, java.lang.Object, java.lang.Object)'> (0x00000000eafc5208) 
thrown [s\src\hotspot\share\interpreter\linkResolver.cpp, line 759]
Event: 5.946 Thread 0x0000015ddda50320 Exception <a 'java/lang/NoSuchMethodError'{0x00000000eafcc8d8}: 'java.lang.Object java.lang.invoke.DirectMethodHandle$Holder.newInvokeSpecial(java.lang.Object, java.lang.Object, int, java.lang.Object)'> (0x00000000eafcc8d8) 
thrown [s\src\hotspot\share\interpreter\linkResolver.cpp, line 759]
Event: 5.946 Thread 0x0000015ddda50320 Exception <a 'java/lang/NoSuchMethodError'{0x00000000eafd03e8}: 'java.lang.Object java.lang.invoke.DirectMethodHandle$Holder.invokeSpecial(java.lang.Object, java.lang.Object, java.lang.Object, int, java.lang.Object)'> (0x00000000eafd03e8) 
thrown [s\src\hotspot\share\interpreter\linkResolver.cpp, line 759]

VM Operations (20 events):
Event: 3.566 Executing VM operation: HandshakeAllThreads
Event: 3.566 Executing VM operation: HandshakeAllThreads done
Event: 4.209 Executing VM operation: HandshakeAllThreads
Event: 4.209 Executing VM operation: HandshakeAllThreads done
Event: 4.209 Executing VM operation: Cleanup
Event: 4.209 Executing VM operation: Cleanup done
Event: 4.282 Executing VM operation: ParallelGCFailedAllocation
Event: 4.289 Executing VM operation: ParallelGCFailedAllocation done
Event: 4.958 Executing VM operation: HandshakeAllThreads
Event: 4.958 Executing VM operation: HandshakeAllThreads done
Event: 5.161 Executing VM operation: HandshakeAllThreads
Event: 5.161 Executing VM operation: HandshakeAllThreads done
Event: 5.604 Executing VM operation: ParallelGCFailedAllocation
Event: 5.611 Executing VM operation: ParallelGCFailedAllocation done
Event: 5.968 Executing VM operation: HandshakeAllThreads
Event: 5.968 Executing VM operation: HandshakeAllThreads done
Event: 5.972 Executing VM operation: CollectForMetadataAllocation
Event: 6.003 Executing VM operation: CollectForMetadataAllocation done
Event: 6.418 Executing VM operation: ParallelGCFailedAllocation
Event: 6.420 Executing VM operation: ParallelGCFailedAllocation done

Events (20 events):
Event: 6.077 loading class java/util/zip/GZIPInputStream
Event: 6.078 loading class java/util/zip/GZIPInputStream done
Event: 6.110 loading class java/io/StringReader
Event: 6.111 loading class java/io/StringReader done
Event: 6.128 loading class java/net/SocketTimeoutException
Event: 6.128 loading class java/io/InterruptedIOException
Event: 6.128 loading class java/io/InterruptedIOException done
Event: 6.128 loading class java/net/SocketTimeoutException done
Event: 6.128 loading class java/net/SocketException
Event: 6.128 loading class java/net/SocketException done
Event: 6.128 loading class java/net/UnknownHostException
Event: 6.128 loading class java/net/UnknownHostException done
Event: 6.128 loading class java/net/ProtocolException
Event: 6.129 loading class java/net/ProtocolException done
Event: 6.166 loading class java/lang/ThreadLocal$SuppliedThreadLocal
Event: 6.166 loading class java/lang/ThreadLocal$SuppliedThreadLocal done
Event: 6.182 loading class java/io/FileWriter
Event: 6.182 loading class java/io/FileWriter done
Event: 6.263 loading class java/lang/NegativeArraySizeException
Event: 6.263 loading class java/lang/NegativeArraySizeException done


Dynamic libraries:
0x00007ff737db0000 - 0x00007ff737dbe000 	c:\Users\hp\.vscode\extensions\redhat.java-1.27.0-win32-x64\jre\17.0.10-win32-x86_64\bin\java.exe
0x00007fff3a150000 - 0x00007fff3a367000 	C:\WINDOWS\SYSTEM32\ntdll.dll
0x00007fff38190000 - 0x00007fff38254000 	C:\WINDOWS\System32\KERNEL32.DLL
0x00007fff378b0000 - 0x00007fff37c56000 	C:\WINDOWS\System32\KERNELBASE.dll
0x00007fff37d80000 - 0x00007fff37e91000 	C:\WINDOWS\System32\ucrtbase.dll
0x00007fff24410000 - 0x00007fff24427000 	c:\Users\hp\.vscode\extensions\redhat.java-1.27.0-win32-x64\jre\17.0.10-win32-x86_64\bin\jli.dll
0x00007fff24740000 - 0x00007fff2475b000 	c:\Users\hp\.vscode\extensions\redhat.java-1.27.0-win32-x64\jre\17.0.10-win32-x86_64\bin\VCRUNTIME140.dll
0x00007fff38730000 - 0x00007fff388de000 	C:\WINDOWS\System32\USER32.dll
0x00007fff135d0000 - 0x00007fff13863000 	C:\WINDOWS\WinSxS\amd64_microsoft.windows.common-controls_6595b64144ccf1df_6.0.22621.2506_none_270c5ae97388e100\COMCTL32.dll
0x00007fff376b0000 - 0x00007fff376d6000 	C:\WINDOWS\System32\win32u.dll
0x00007fff38430000 - 0x00007fff384d7000 	C:\WINDOWS\System32\msvcrt.dll
0x00007fff38700000 - 0x00007fff38729000 	C:\WINDOWS\System32\GDI32.dll
0x00007fff37c60000 - 0x00007fff37d78000 	C:\WINDOWS\System32\gdi32full.dll
0x00007fff37750000 - 0x00007fff377ea000 	C:\WINDOWS\System32\msvcp_win.dll
0x00007fff389b0000 - 0x00007fff389e1000 	C:\WINDOWS\System32\IMM32.DLL
0x00007fff329c0000 - 0x00007fff329cc000 	c:\Users\hp\.vscode\extensions\redhat.java-1.27.0-win32-x64\jre\17.0.10-win32-x86_64\bin\vcruntime140_1.dll
0x00007ffefb100000 - 0x00007ffefb18d000 	c:\Users\hp\.vscode\extensions\redhat.java-1.27.0-win32-x64\jre\17.0.10-win32-x86_64\bin\msvcp140.dll
0x00007ffee8fa0000 - 0x00007ffee9c02000 	c:\Users\hp\.vscode\extensions\redhat.java-1.27.0-win32-x64\jre\17.0.10-win32-x86_64\bin\server\jvm.dll
0x00007fff38260000 - 0x00007fff38313000 	C:\WINDOWS\System32\ADVAPI32.dll
0x00007fff38900000 - 0x00007fff389a8000 	C:\WINDOWS\System32\sechost.dll
0x00007fff37680000 - 0x00007fff376a8000 	C:\WINDOWS\System32\bcrypt.dll
0x00007fff389f0000 - 0x00007fff38b07000 	C:\WINDOWS\System32\RPCRT4.dll
0x00007fff24630000 - 0x00007fff24639000 	C:\WINDOWS\SYSTEM32\WSOCK32.dll
0x00007fff2ee20000 - 0x00007fff2ee54000 	C:\WINDOWS\SYSTEM32\WINMM.dll
0x00007fff36f20000 - 0x00007fff36f6d000 	C:\WINDOWS\SYSTEM32\POWRPROF.dll
0x00007fff2e5a0000 - 0x00007fff2e5aa000 	C:\WINDOWS\SYSTEM32\VERSION.dll
0x00007fff38320000 - 0x00007fff38391000 	C:\WINDOWS\System32\WS2_32.dll
0x00007fff36e00000 - 0x00007fff36e13000 	C:\WINDOWS\SYSTEM32\UMPDC.dll
0x00007fff364c0000 - 0x00007fff364d8000 	C:\WINDOWS\SYSTEM32\kernel.appcore.dll
0x00007fff2efe0000 - 0x00007fff2efea000 	c:\Users\hp\.vscode\extensions\redhat.java-1.27.0-win32-x64\jre\17.0.10-win32-x86_64\bin\jimage.dll
0x00007fff25070000 - 0x00007fff252a3000 	C:\WINDOWS\SYSTEM32\DBGHELP.DLL
0x00007fff38ea0000 - 0x00007fff39229000 	C:\WINDOWS\System32\combase.dll
0x00007fff38dc0000 - 0x00007fff38e97000 	C:\WINDOWS\System32\OLEAUT32.dll
0x00007fff1c8f0000 - 0x00007fff1c922000 	C:\WINDOWS\SYSTEM32\dbgcore.DLL
0x00007fff37490000 - 0x00007fff3750a000 	C:\WINDOWS\System32\bcryptPrimitives.dll
0x00007fff2ef70000 - 0x00007fff2ef7e000 	c:\Users\hp\.vscode\extensions\redhat.java-1.27.0-win32-x64\jre\17.0.10-win32-x86_64\bin\instrument.dll
0x00007fff15cc0000 - 0x00007fff15ce5000 	c:\Users\hp\.vscode\extensions\redhat.java-1.27.0-win32-x64\jre\17.0.10-win32-x86_64\bin\java.dll
0x00007fff240d0000 - 0x00007fff240e8000 	c:\Users\hp\.vscode\extensions\redhat.java-1.27.0-win32-x64\jre\17.0.10-win32-x86_64\bin\zip.dll
0x00007fff398b0000 - 0x00007fff3a10a000 	C:\WINDOWS\System32\SHELL32.dll
0x00007fff353e0000 - 0x00007fff35cd6000 	C:\WINDOWS\SYSTEM32\windows.storage.dll
0x00007fff352a0000 - 0x00007fff353de000 	C:\WINDOWS\SYSTEM32\wintypes.dll
0x00007fff37ea0000 - 0x00007fff37f93000 	C:\WINDOWS\System32\SHCORE.dll
0x00007fff38b10000 - 0x00007fff38b6e000 	C:\WINDOWS\System32\shlwapi.dll
0x00007fff373c0000 - 0x00007fff373e6000 	C:\WINDOWS\SYSTEM32\profapi.dll
0x00007fff15c70000 - 0x00007fff15c89000 	C:\Users\hp\.vscode\extensions\redhat.java-1.27.0-win32-x64\jre\17.0.10-win32-x86_64\bin\net.dll
0x00007fff31b30000 - 0x00007fff31c67000 	C:\WINDOWS\SYSTEM32\WINHTTP.dll
0x00007fff36940000 - 0x00007fff369a9000 	C:\WINDOWS\system32\mswsock.dll
0x00007fff147f0000 - 0x00007fff14806000 	C:\Users\hp\.vscode\extensions\redhat.java-1.27.0-win32-x64\jre\17.0.10-win32-x86_64\bin\nio.dll
0x00007fff2c470000 - 0x00007fff2c480000 	c:\Users\hp\.vscode\extensions\redhat.java-1.27.0-win32-x64\jre\17.0.10-win32-x86_64\bin\verify.dll
0x00007ffef7020000 - 0x00007ffef705e000 	C:\Users\hp\AppData\Roaming\Code\User\globalStorage\redhat.java\1.27.0\config_ss_win\org.eclipse.equinox.launcher\org.eclipse.equinox.launcher.win32.win32.x86_64_1.2.900.v20240129-1338\eclipse_11900.dll
0x00007fff384e0000 - 0x00007fff38680000 	C:\WINDOWS\System32\ole32.dll

dbghelp: loaded successfully - version: 4.0.5 - missing functions: none
symbol engine: initialized successfully - sym options: 0x614 - pdb path: .;c:\Users\hp\.vscode\extensions\redhat.java-1.27.0-win32-x64\jre\17.0.10-win32-x86_64\bin;C:\WINDOWS\SYSTEM32;C:\WINDOWS\WinSxS\amd64_microsoft.windows.common-controls_6595b64144ccf1df_6.0.22621.2506_none_270c5ae97388e100;c:\Users\hp\.vscode\extensions\redhat.java-1.27.0-win32-x64\jre\17.0.10-win32-x86_64\bin\server;C:\Users\hp\AppData\Roaming\Code\User\globalStorage\redhat.java\1.27.0\config_ss_win\org.eclipse.equinox.launcher\org.eclipse.equinox.launcher.win32.win32.x86_64_1.2.900.v20240129-1338

VM Arguments:
jvm_args: --add-modules=ALL-SYSTEM --add-opens=java.base/java.util=ALL-UNNAMED --add-opens=java.base/java.lang=ALL-UNNAMED --add-opens=java.base/sun.nio.fs=ALL-UNNAMED -Declipse.application=org.eclipse.jdt.ls.core.id1 -Dosgi.bundles.defaultStartLevel=4 -Declipse.product=org.eclipse.jdt.ls.core.product -Djava.import.generatesMetadataFilesAtProjectRoot=false -DDetectVMInstallationsJob.disabled=true -Dfile.encoding=utf8 -XX:+UseParallelGC -XX:GCTimeRatio=4 -XX:AdaptiveSizePolicyWeight=90 -Dsun.zip.disableMemoryMapping=true -Xmx1G -Xms100m -Xlog:disable -javaagent:c:\Users\hp\.vscode\extensions\redhat.java-1.27.0-win32-x64\lombok\lombok-1.18.31.jar 
java_command: c:\Users\hp\.vscode\extensions\redhat.java-1.27.0-win32-x64\server\plugins\org.eclipse.equinox.launcher_1.6.700.v20231214-2017.jar -configuration c:\Users\hp\AppData\Roaming\Code\User\globalStorage\redhat.java\1.27.0\config_ss_win -data c:\Users\hp\AppData\Roaming\Code\User\workspaceStorage\1c5843b34a3158e84823a3ab318efdae\redhat.java\ss_ws --stdio
java_class_path (initial): c:\Users\hp\.vscode\extensions\redhat.java-1.27.0-win32-x64\server\plugins\org.eclipse.equinox.launcher_1.6.700.v20231214-2017.jar
Launcher Type: SUN_STANDARD

[Global flags]
    uintx AdaptiveSizePolicyWeight                 = 90                                        {product} {command line}
     intx CICompilerCount                          = 4                                         {product} {ergonomic}
    uintx GCTimeRatio                              = 4                                         {product} {command line}
   size_t InitialHeapSize                          = 104857600                                 {product} {command line}
   size_t MaxHeapSize                              = 1073741824                                {product} {command line}
   size_t MaxNewSize                               = 357564416                                 {product} {ergonomic}
   size_t MinHeapDeltaBytes                        = 524288                                    {product} {ergonomic}
   size_t MinHeapSize                              = 104857600                                 {product} {command line}
   size_t NewSize                                  = 34603008                                  {product} {ergonomic}
    uintx NonNMethodCodeHeapSize                   = 5839372                                {pd product} {ergonomic}
    uintx NonProfiledCodeHeapSize                  = 122909434                              {pd product} {ergonomic}
   size_t OldSize                                  = 70254592                                  {product} {ergonomic}
    uintx ProfiledCodeHeapSize                     = 122909434                              {pd product} {ergonomic}
    uintx ReservedCodeCacheSize                    = 251658240                              {pd product} {ergonomic}
     bool SegmentedCodeCache                       = true                                      {product} {ergonomic}
   size_t SoftMaxHeapSize                          = 1073741824                             {manageable} {ergonomic}
     bool UseCompressedClassPointers               = true                           {product lp64_product} {ergonomic}
     bool UseCompressedOops                        = true                           {product lp64_product} {ergonomic}
     bool UseLargePagesIndividualAllocation        = false                                  {pd product} {ergonomic}
     bool UseParallelGC                            = true                                      {product} {command line}

Logging:
Log output configuration:
 #0: stdout all=off uptime,level,tags
 #1: stderr all=off uptime,level,tags

Environment Variables:
JAVA_HOME=C:\Program Files\Java\jdk-17
PATH=C:\Program Files\Common Files\Oracle\Java\javapath;C:\Program Files (x86)\Common Files\Oracle\Java\javapath;C:\ProgramData\Oracle\Java\javapath;C:\WINDOWS\system32;C:\WINDOWS;C:\WINDOWS\System32\Wbem;C:\WINDOWS\System32\WindowsPowerShell\v1.0\;C:\WINDOWS\System32\OpenSSH\;C:\MinGW\bin;C:\Program Files (x86)\MATLAB\R2007b\bin;C:\Program Files (x86)\MATLAB\R2007b\bin\win32;C:\Program Files\Git\cmd;C:\Program Files (x86)\nodejs\;C:\New folder\Scripts\;C:\New folder\;C:\Users\hp\AppData\Local\Microsoft\WindowsApps;C:\Users\hp\AppData\Local\Programs\Microsoft VS Code\bin;C:\MinGW\bin;C:\src\flutter\bin;C:\Users\hp\AppData\Local\Android\Sdk\platform-tools;C:\Users\hp\AppData\Local\Pub\Cache\bin;C:\Users\hp\AppData\Roaming\npm;C:\Program Files\Java\jdk-17\bin;C:\Program Files\Java\jdk1.8.0_321\bin;C:\Program Files\Java\jdk-21\bin;
USERNAME=hp
OS=Windows_NT
PROCESSOR_IDENTIFIER=AMD64 Family 23 Model 104 Stepping 1, AuthenticAMD
TMP=C:\Users\hp\AppData\Local\Temp
TEMP=C:\Users\hp\AppData\Local\Temp



Periodic native trim disabled


---------------  S Y S T E M  ---------------

OS:
 Windows 11 , 64 bit Build 22621 (10.0.22621.2506)
OS uptime: 9 days 11:31 hours

CPU: total 12 (initial active 12) (12 cores per cpu, 2 threads per core) family 23 model 104 stepping 1 microcode 0x0, cx8, cmov, fxsr, ht, mmx, 3dnowpref, sse, sse2, sse3, ssse3, sse4a, sse4.1, sse4.2, popcnt, lzcnt, tsc, tscinvbit, avx, avx2, aes, clmul, bmi1, bmi2, adx, sha, fma, vzeroupper, clflush, clflushopt
Processor Information for all 12 processors :
  Max Mhz: 2100, Current Mhz: 2100, Mhz Limit: 2100

Memory: 4k page, system-wide physical 7502M (66M free)
TotalPageFile size 26698M (AvailPageFile size 3M)
current process WorkingSet (physical memory assigned to process): 122M, peak: 122M
current process commit charge ("private bytes"): 236M, peak: 236M

vm_info: OpenJDK 64-Bit Server VM (17.0.10+7) for windows-amd64 JRE (17.0.10+7), built on Jan 16 2024 23:25:11 by "admin" with MS VC++ 16.10 / 16.11 (VS2019)

END.
