#
# There is insufficient memory for the Java Runtime Environment to continue.
# Native memory allocation (malloc) failed to allocate 961152 bytes for Chunk::new
# Possible reasons:
#   The system is out of physical RAM or swap space
#   The process is running with CompressedOops enabled, and the Java Heap may be blocking the growth of the native heap
# Possible solutions:
#   Reduce memory load on the system
#   Increase physical memory or swap space
#   Check if swap backing store is full
#   Decrease Java heap size (-Xmx/-Xms)
#   Decrease number of Java threads
#   Decrease Java thread stack sizes (-Xss)
#   Set larger code cache with -XX:ReservedCodeCacheSize=
#   JVM is running with Unscaled Compressed Oops mode in which the Java heap is
#     placed in the first 4GB address space. The Java Heap base address is the
#     maximum limit for the native heap growth. Please use -XX:HeapBaseMinAddress
#     to set the Java Heap base and to place the Java Heap above 4GB virtual address.
# This output file may be truncated or incomplete.
#
#  Out of Memory Error (arena.cpp:191), pid=57208, tid=60608
#
# JRE version: OpenJDK Runtime Environment Temurin-17.0.10+7 (17.0.10+7) (build 17.0.10+7)
# Java VM: OpenJDK 64-Bit Server VM Temurin-17.0.10+7 (17.0.10+7, mixed mode, tiered, compressed oops, compressed class ptrs, parallel gc, windows-amd64)
# No core dump will be written. Minidumps are not enabled by default on client versions of Windows
#

---------------  S U M M A R Y ------------

Command Line: --add-modules=ALL-SYSTEM --add-opens=java.base/java.util=ALL-UNNAMED --add-opens=java.base/java.lang=ALL-UNNAMED --add-opens=java.base/sun.nio.fs=ALL-UNNAMED -Declipse.application=org.eclipse.jdt.ls.core.id1 -Dosgi.bundles.defaultStartLevel=4 -Declipse.product=org.eclipse.jdt.ls.core.product -Djava.import.generatesMetadataFilesAtProjectRoot=false -DDetectVMInstallationsJob.disabled=true -Dfile.encoding=utf8 -XX:+UseParallelGC -XX:GCTimeRatio=4 -XX:AdaptiveSizePolicyWeight=90 -Dsun.zip.disableMemoryMapping=true -Xmx1G -Xms100m -Xlog:disable -javaagent:c:\Users\hp\.vscode\extensions\redhat.java-1.27.0-win32-x64\lombok\lombok-1.18.31.jar -XX:+HeapDumpOnOutOfMemoryError -XX:HeapDumpPath=c:\Users\hp\AppData\Roaming\Code\User\workspaceStorage\1c5843b34a3158e84823a3ab318efdae\redhat.java -Daether.dependencyCollector.impl=bf c:\Users\hp\.vscode\extensions\redhat.java-1.27.0-win32-x64\server\plugins\org.eclipse.equinox.launcher_1.6.700.v20231214-2017.jar -configuration c:\Users\hp\AppData\Roaming\Code\User\globalStorage\redhat.java\1.27.0\config_win -data c:\Users\hp\AppData\Roaming\Code\User\workspaceStorage\1c5843b34a3158e84823a3ab318efdae\redhat.java\jdt_ws --stdio

Host: AMD Ryzen 5 5500U with Radeon Graphics         , 12 cores, 7G,  Windows 11 , 64 bit Build 22621 (10.0.22621.2506)
Time: Sun Feb 11 23:55:20 2024 India Standard Time elapsed time: 1248.316955 seconds (0d 0h 20m 48s)

---------------  T H R E A D  ---------------

Current thread (0x00000267a115e890):  JavaThread "C2 CompilerThread0" daemon [_thread_in_native, id=60608, stack(0x00000085e0f00000,0x00000085e1000000)]


Current CompileTask:
C2:1248317 8877       4       org.eclipse.osgi.internal.serviceregistry.ServiceRegistry::notifyHooksPrivileged (58 bytes)

Stack: [0x00000085e0f00000,0x00000085e1000000]
Native frames: (J=compiled Java code, j=interpreted, Vv=VM code, C=native code)
V  [jvm.dll+0x67d2c9]
V  [jvm.dll+0x834afa]
V  [jvm.dll+0x8365be]
V  [jvm.dll+0x836c23]
V  [jvm.dll+0x2477ff]
V  [jvm.dll+0xac514]
V  [jvm.dll+0xacb5c]
V  [jvm.dll+0x3667d7]
V  [jvm.dll+0x1bcf72]
V  [jvm.dll+0x21a049]
V  [jvm.dll+0x219311]
V  [jvm.dll+0x1a502d]
V  [jvm.dll+0x2290de]
V  [jvm.dll+0x2272ac]
V  [jvm.dll+0x7e9bb7]
V  [jvm.dll+0x7e3fba]
V  [jvm.dll+0x67c1b5]
C  [ucrtbase.dll+0x29363]
C  [KERNEL32.DLL+0x1257d]
C  [ntdll.dll+0x5aa58]


---------------  P R O C E S S  ---------------

Threads class SMR info:
_java_thread_list=0x00000267a952d1f0, length=34, elements={
0x000002678d2d0030, 0x00000267a1150010, 0x00000267a1151080, 0x00000267a1159fe0,
0x00000267a115a9b0, 0x00000267a115b480, 0x00000267a115c6f0, 0x00000267a115e890,
0x00000267a62f0830, 0x00000267a62f1140, 0x00000267a103bd20, 0x00000267a7b60a80,
0x00000267a7cf9950, 0x00000267a7cfb2a0, 0x00000267a7cfb7b0, 0x00000267a7cf8f30,
0x00000267a9433750, 0x00000267a9430ed0, 0x00000267a9432820, 0x00000267a94350a0,
0x00000267a94364e0, 0x00000267a94313e0, 0x00000267a94355b0, 0x00000267a9433c60,
0x00000267a9435fd0, 0x00000267a94369f0, 0x00000267a9431e00, 0x00000267a94304b0,
0x00000267a7cf8a20, 0x00000267a7cf8000, 0x00000267a9435ac0, 0x00000267a94318f0,
0x00000267ab45bc10, 0x00000267ab45a7d0
}

Java Threads: ( => current thread )
  0x000002678d2d0030 JavaThread "main" [_thread_blocked, id=60744, stack(0x00000085e0600000,0x00000085e0700000)]
  0x00000267a1150010 JavaThread "Reference Handler" daemon [_thread_blocked, id=54192, stack(0x00000085e0900000,0x00000085e0a00000)]
  0x00000267a1151080 JavaThread "Finalizer" daemon [_thread_blocked, id=61296, stack(0x00000085e0a00000,0x00000085e0b00000)]
  0x00000267a1159fe0 JavaThread "Signal Dispatcher" daemon [_thread_blocked, id=58732, stack(0x00000085e0b00000,0x00000085e0c00000)]
  0x00000267a115a9b0 JavaThread "Attach Listener" daemon [_thread_blocked, id=54592, stack(0x00000085e0c00000,0x00000085e0d00000)]
  0x00000267a115b480 JavaThread "Service Thread" daemon [_thread_blocked, id=54348, stack(0x00000085e0d00000,0x00000085e0e00000)]
  0x00000267a115c6f0 JavaThread "Monitor Deflation Thread" daemon [_thread_blocked, id=58320, stack(0x00000085e0e00000,0x00000085e0f00000)]
=>0x00000267a115e890 JavaThread "C2 CompilerThread0" daemon [_thread_in_native, id=60608, stack(0x00000085e0f00000,0x00000085e1000000)]
  0x00000267a62f0830 JavaThread "C1 CompilerThread0" daemon [_thread_blocked, id=61712, stack(0x00000085e1000000,0x00000085e1100000)]
  0x00000267a62f1140 JavaThread "Sweeper thread" daemon [_thread_blocked, id=55280, stack(0x00000085e1100000,0x00000085e1200000)]
  0x00000267a103bd20 JavaThread "Common-Cleaner" daemon [_thread_blocked, id=55104, stack(0x00000085e1200000,0x00000085e1300000)]
  0x00000267a7b60a80 JavaThread "Notification Thread" daemon [_thread_blocked, id=57872, stack(0x00000085e1400000,0x00000085e1500000)]
  0x00000267a7cf9950 JavaThread "Active Thread: Equinox Container: d0e11616-5153-466c-a202-45343157bcbc" [_thread_blocked, id=61836, stack(0x00000085e1c00000,0x00000085e1d00000)]
  0x00000267a7cfb2a0 JavaThread "Framework Event Dispatcher: Equinox Container: d0e11616-5153-466c-a202-45343157bcbc" daemon [_thread_blocked, id=59836, stack(0x00000085e1d00000,0x00000085e1e00000)]
  0x00000267a7cfb7b0 JavaThread "Start Level: Equinox Container: d0e11616-5153-466c-a202-45343157bcbc" daemon [_thread_blocked, id=59092, stack(0x00000085e1e00000,0x00000085e1f00000)]
  0x00000267a7cf8f30 JavaThread "Bundle File Closer" daemon [_thread_blocked, id=60924, stack(0x00000085e2100000,0x00000085e2200000)]
  0x00000267a9433750 JavaThread "JNA Cleaner" daemon [_thread_blocked, id=60620, stack(0x00000085e2a00000,0x00000085e2b00000)]
  0x00000267a9430ed0 JavaThread "pool-2-thread-1" [_thread_blocked, id=60148, stack(0x00000085e2d00000,0x00000085e2e00000)]
  0x00000267a9432820 JavaThread "WorkspaceEventsHandler" [_thread_blocked, id=55580, stack(0x00000085e2e00000,0x00000085e2f00000)]
  0x00000267a94350a0 JavaThread "pool-1-thread-1" [_thread_blocked, id=52844, stack(0x00000085e2f00000,0x00000085e3000000)]
  0x00000267a94364e0 JavaThread "Timer-0" [_thread_blocked, id=57028, stack(0x00000085e3000000,0x00000085e3100000)]
  0x00000267a94313e0 JavaThread "Timer-1" [_thread_blocked, id=56724, stack(0x00000085e3100000,0x00000085e3200000)]
  0x00000267a94355b0 JavaThread "Timer-2" [_thread_blocked, id=960, stack(0x00000085e2400000,0x00000085e2500000)]
  0x00000267a9433c60 JavaThread "Timer-3" [_thread_blocked, id=28288, stack(0x00000085e2c00000,0x00000085e2d00000)]
  0x00000267a9435fd0 JavaThread "Timer-4" [_thread_blocked, id=40584, stack(0x00000085e3200000,0x00000085e3300000)]
  0x00000267a94369f0 JavaThread "Timer-5" [_thread_blocked, id=53104, stack(0x00000085e3300000,0x00000085e3400000)]
  0x00000267a9431e00 JavaThread "Timer-6" [_thread_blocked, id=59880, stack(0x00000085e3900000,0x00000085e3a00000)]
  0x00000267a94304b0 JavaThread "Timer-7" [_thread_blocked, id=62072, stack(0x00000085e3a00000,0x00000085e3b00000)]
  0x00000267a7cf8a20 JavaThread "Timer-8" [_thread_blocked, id=60196, stack(0x00000085e3b00000,0x00000085e3c00000)]
  0x00000267a7cf8000 JavaThread "Timer-9" [_thread_blocked, id=59192, stack(0x00000085e3c00000,0x00000085e3d00000)]
  0x00000267a9435ac0 JavaThread "Timer-10" [_thread_blocked, id=59596, stack(0x00000085e3d00000,0x00000085e3e00000)]
  0x00000267a94318f0 JavaThread "Timer-11" [_thread_blocked, id=39368, stack(0x00000085e3e00000,0x00000085e3f00000)]
  0x00000267ab45bc10 JavaThread "pool-6-thread-1" [_thread_blocked, id=66156, stack(0x00000085e0300000,0x00000085e0400000)]
  0x00000267ab45a7d0 JavaThread "Framework stop - Equinox Container: d0e11616-5153-466c-a202-45343157bcbc" [_thread_in_Java, id=47284, stack(0x00000085e0400000,0x00000085e0500000)]

Other Threads:
  0x00000267a62a4870 VMThread "VM Thread" [stack: 0x00000085e0800000,0x00000085e0900000] [id=59952]
  0x00000267a6619b40 WatcherThread [stack: 0x00000085e1500000,0x00000085e1600000] [id=32640]
  0x000002678d2e5430 GCTaskThread "GC Thread#0" [stack: 0x00000085e0700000,0x00000085e0800000] [id=58724]
  0x00000267a6472c80 GCTaskThread "GC Thread#1" [stack: 0x00000085e1300000,0x00000085e1400000] [id=37276]
  0x00000267a81c3010 GCTaskThread "GC Thread#2" [stack: 0x00000085e1600000,0x00000085e1700000] [id=55488]
  0x00000267a81c32d0 GCTaskThread "GC Thread#3" [stack: 0x00000085e1700000,0x00000085e1800000] [id=59668]
  0x00000267a81c3ba0 GCTaskThread "GC Thread#4" [stack: 0x00000085e1800000,0x00000085e1900000] [id=50836]
  0x00000267a7bdc1e0 GCTaskThread "GC Thread#5" [stack: 0x00000085e1900000,0x00000085e1a00000] [id=18272]
  0x00000267a7bdc4a0 GCTaskThread "GC Thread#6" [stack: 0x00000085e1a00000,0x00000085e1b00000] [id=43216]
  0x00000267a7feaf20 GCTaskThread "GC Thread#7" [stack: 0x00000085e2000000,0x00000085e2100000] [id=13036]
  0x00000267a8888500 GCTaskThread "GC Thread#8" [stack: 0x00000085e2200000,0x00000085e2300000] [id=60496]
  0x00000267a88887c0 GCTaskThread "GC Thread#9" [stack: 0x00000085e2300000,0x00000085e2400000] [id=45404]

Threads with active compile tasks:
C2 CompilerThread0  1248377 8877       4       org.eclipse.osgi.internal.serviceregistry.ServiceRegistry::notifyHooksPrivileged (58 bytes)

VM state: not at safepoint (normal execution)

VM Mutex/Monitor currently owned by a thread: None

Heap address: 0x00000000c0000000, size: 1024 MB, Compressed Oops mode: 32-bit

CDS archive(s) not mapped
Compressed class space mapped at: 0x0000000100000000-0x0000000140000000, reserved size: 1073741824
Narrow klass base: 0x0000000000000000, Narrow klass shift: 3, Narrow klass range: 0x140000000

GC Precious Log:
 CPUs: 12 total, 12 available
 Memory: 7502M
 Large Page Support: Disabled
 NUMA Support: Disabled
 Compressed Oops: Enabled (32-bit)
 Alignments: Space 512K, Generation 512K, Heap 2M
 Heap Min Capacity: 100M
 Heap Initial Capacity: 100M
 Heap Max Capacity: 1G
 Pre-touch: Disabled
 Parallel Workers: 10

Heap:
 PSYoungGen      total 18944K, used 14187K [0x00000000eab00000, 0x00000000ebf80000, 0x0000000100000000)
  eden space 18432K, 75% used [0x00000000eab00000,0x00000000eb88ade8,0x00000000ebd00000)
  from space 512K, 62% used [0x00000000ebf00000,0x00000000ebf50000,0x00000000ebf80000)
  to   space 512K, 0% used [0x00000000ebe80000,0x00000000ebe80000,0x00000000ebf00000)
 ParOldGen       total 68608K, used 54966K [0x00000000c0000000, 0x00000000c4300000, 0x00000000eab00000)
  object space 68608K, 80% used [0x00000000c0000000,0x00000000c35ad968,0x00000000c4300000)
 Metaspace       used 76653K, committed 77824K, reserved 1179648K
  class space    used 9138K, committed 9664K, reserved 1048576K

Card table byte_map: [0x000002678cc90000,0x000002678cea0000] _byte_map_base: 0x000002678c690000

Marking Bits: (ParMarkBitMap*) 0x00007ffee9b3d7d0
 Begin Bits: [0x000002679ef60000, 0x000002679ff60000)
 End Bits:   [0x000002679ff60000, 0x00000267a0f60000)

Polling page: 0x000002678ca80000

Metaspace:

Usage:
  Non-class:     65.93 MB used.
      Class:      8.92 MB used.
       Both:     74.86 MB used.

Virtual space:
  Non-class space:      128.00 MB reserved,      66.56 MB ( 52%) committed,  2 nodes.
      Class space:        1.00 GB reserved,       9.44 MB ( <1%) committed,  1 nodes.
             Both:        1.12 GB reserved,      76.00 MB (  7%) committed. 

Chunk freelists:
   Non-Class:  13.22 MB
       Class:  6.45 MB
        Both:  19.67 MB

MaxMetaspaceSize: unlimited
CompressedClassSpaceSize: 1.00 GB
Initial GC threshold: 21.00 MB
Current GC threshold: 97.31 MB
CDS: off
MetaspaceReclaimPolicy: balanced
 - commit_granule_bytes: 65536.
 - commit_granule_words: 8192.
 - virtual_space_node_default_size: 8388608.
 - enlarge_chunks_in_place: 1.
 - new_chunks_are_fully_committed: 0.
 - uncommit_free_chunks: 1.
 - use_allocation_guard: 0.
 - handle_deallocations: 1.


Internal statistics:

num_allocs_failed_limit: 9.
num_arena_births: 774.
num_arena_deaths: 14.
num_vsnodes_births: 3.
num_vsnodes_deaths: 0.
num_space_committed: 1216.
num_space_uncommitted: 0.
num_chunks_returned_to_freelist: 23.
num_chunks_taken_from_freelist: 3808.
num_chunk_merges: 15.
num_chunk_splits: 2454.
num_chunks_enlarged: 1551.
num_inconsistent_stats: 0.

CodeHeap 'non-profiled nmethods': size=120000Kb used=5757Kb max_used=5757Kb free=114242Kb
 bounds [0x0000026797a30000, 0x0000026797fd0000, 0x000002679ef60000]
CodeHeap 'profiled nmethods': size=120000Kb used=15183Kb max_used=15183Kb free=104816Kb
 bounds [0x000002678ff60000, 0x0000026790e40000, 0x0000026797490000]
CodeHeap 'non-nmethods': size=5760Kb used=1352Kb max_used=1401Kb free=4407Kb
 bounds [0x0000026797490000, 0x0000026797700000, 0x0000026797a30000]
 total_blobs=8158 nmethods=7459 adapters=613
 compilation: enabled
              stopped_count=0, restarted_count=0
 full_count=0

Compilation events (20 events):
Event: 1248.230 Thread 0x00000267a62f0830 8893       3       java.util.concurrent.FutureTask::<init> (19 bytes)
Event: 1248.231 Thread 0x00000267a62f0830 nmethod 8893 0x0000026790e2f510 code [0x0000026790e2f6e0, 0x0000026790e2fb08]
Event: 1248.231 Thread 0x00000267a62f0830 8892   !   3       org.eclipse.osgi.internal.framework.EquinoxContainerAdaptor::$SWITCH_TABLE$org$eclipse$osgi$container$ModuleContainerAdaptor$ModuleEvent (157 bytes)
Event: 1248.231 Thread 0x00000267a62f0830 nmethod 8892 0x0000026790e2fd10 code [0x0000026790e2ff20, 0x0000026790e305e8]
Event: 1248.236 Thread 0x00000267a62f0830 8894       3       org.eclipse.osgi.internal.framework.EquinoxEventPublisher$$Lambda$60/0x0000000100186260::<init> (15 bytes)
Event: 1248.237 Thread 0x00000267a62f0830 nmethod 8894 0x0000026790e30890 code [0x0000026790e30a20, 0x0000026790e30bb8]
Event: 1248.237 Thread 0x00000267a62f0830 8896       3       java.util.stream.AbstractPipeline::sourceSpliterator (265 bytes)
Event: 1248.239 Thread 0x00000267a62f0830 nmethod 8896 0x0000026790e30c90 code [0x0000026790e30f00, 0x0000026790e31c88]
Event: 1248.239 Thread 0x00000267a62f0830 8897       3       org.apache.aries.spifly.ConsumerBundleTrackerCustomizer::removedBundle (9 bytes)
Event: 1248.239 Thread 0x00000267a62f0830 nmethod 8897 0x0000026790e32110 code [0x0000026790e322c0, 0x0000026790e32638]
Event: 1248.239 Thread 0x00000267a62f0830 8895       3       org.eclipse.osgi.internal.log.LogServiceManager::bundleChanged (99 bytes)
Event: 1248.240 Thread 0x00000267a62f0830 nmethod 8895 0x0000026790e32790 code [0x0000026790e32a20, 0x0000026790e33568]
Event: 1248.241 Thread 0x00000267a62f0830 8898       3       org.osgi.framework.ServiceEvent::<init> (16 bytes)
Event: 1248.242 Thread 0x00000267a62f0830 nmethod 8898 0x0000026790e33990 code [0x0000026790e33b40, 0x0000026790e33e48]
Event: 1248.246 Thread 0x00000267a62f0830 8899       3       org.eclipse.osgi.internal.loader.buddy.PolicyHandler::bundleChanged (25 bytes)
Event: 1248.247 Thread 0x00000267a62f0830 nmethod 8899 0x0000026790e33f90 code [0x0000026790e34140, 0x0000026790e343c8]
Event: 1248.277 Thread 0x00000267a62f0830 8901       3       org.eclipse.osgi.internal.serviceregistry.ServiceReferenceImpl::getBundle (8 bytes)
Event: 1248.277 Thread 0x00000267a62f0830 nmethod 8901 0x0000026790e34510 code [0x0000026790e346c0, 0x0000026790e34a18]
Event: 1248.289 Thread 0x00000267a62f0830 8903       2       java.util.TimSort::binarySort (223 bytes)
Event: 1248.291 Thread 0x00000267a62f0830 nmethod 8903 0x0000026790e34b90 code [0x0000026790e34d60, 0x0000026790e35318]

GC Heap History (20 events):
Event: 39.925 GC heap before
{Heap before GC invocations=72 (full 3):
 PSYoungGen      total 20480K, used 20160K [0x00000000eab00000, 0x00000000ec100000, 0x0000000100000000)
  eden space 19968K, 100% used [0x00000000eab00000,0x00000000ebe80000,0x00000000ebe80000)
  from space 512K, 37% used [0x00000000ec080000,0x00000000ec0b0000,0x00000000ec100000)
  to   space 512K, 0% used [0x00000000ec000000,0x00000000ec000000,0x00000000ec080000)
 ParOldGen       total 68608K, used 50652K [0x00000000c0000000, 0x00000000c4300000, 0x00000000eab00000)
  object space 68608K, 73% used [0x00000000c0000000,0x00000000c3177168,0x00000000c4300000)
 Metaspace       used 67735K, committed 68928K, reserved 1114112K
  class space    used 8256K, committed 8832K, reserved 1048576K
}
Event: 39.926 GC heap after
{Heap after GC invocations=72 (full 3):
 PSYoungGen      total 20480K, used 320K [0x00000000eab00000, 0x00000000ec100000, 0x0000000100000000)
  eden space 19968K, 0% used [0x00000000eab00000,0x00000000eab00000,0x00000000ebe80000)
  from space 512K, 62% used [0x00000000ec000000,0x00000000ec050000,0x00000000ec080000)
  to   space 512K, 0% used [0x00000000ec080000,0x00000000ec080000,0x00000000ec100000)
 ParOldGen       total 68608K, used 50660K [0x00000000c0000000, 0x00000000c4300000, 0x00000000eab00000)
  object space 68608K, 73% used [0x00000000c0000000,0x00000000c3179168,0x00000000c4300000)
 Metaspace       used 67735K, committed 68928K, reserved 1114112K
  class space    used 8256K, committed 8832K, reserved 1048576K
}
Event: 40.081 GC heap before
{Heap before GC invocations=73 (full 3):
 PSYoungGen      total 20480K, used 20278K [0x00000000eab00000, 0x00000000ec100000, 0x0000000100000000)
  eden space 19968K, 99% used [0x00000000eab00000,0x00000000ebe7d988,0x00000000ebe80000)
  from space 512K, 62% used [0x00000000ec000000,0x00000000ec050000,0x00000000ec080000)
  to   space 512K, 0% used [0x00000000ec080000,0x00000000ec080000,0x00000000ec100000)
 ParOldGen       total 68608K, used 50660K [0x00000000c0000000, 0x00000000c4300000, 0x00000000eab00000)
  object space 68608K, 73% used [0x00000000c0000000,0x00000000c3179168,0x00000000c4300000)
 Metaspace       used 68358K, committed 69568K, reserved 1114112K
  class space    used 8315K, committed 8896K, reserved 1048576K
}
Event: 40.083 GC heap after
{Heap after GC invocations=73 (full 3):
 PSYoungGen      total 20480K, used 481K [0x00000000eab00000, 0x00000000ec180000, 0x0000000100000000)
  eden space 19968K, 0% used [0x00000000eab00000,0x00000000eab00000,0x00000000ebe80000)
  from space 512K, 94% used [0x00000000ec080000,0x00000000ec0f8710,0x00000000ec100000)
  to   space 1536K, 0% used [0x00000000ebe80000,0x00000000ebe80000,0x00000000ec000000)
 ParOldGen       total 68608K, used 51371K [0x00000000c0000000, 0x00000000c4300000, 0x00000000eab00000)
  object space 68608K, 74% used [0x00000000c0000000,0x00000000c322ae50,0x00000000c4300000)
 Metaspace       used 68358K, committed 69568K, reserved 1114112K
  class space    used 8315K, committed 8896K, reserved 1048576K
}
Event: 183.602 GC heap before
{Heap before GC invocations=74 (full 3):
 PSYoungGen      total 20480K, used 20443K [0x00000000eab00000, 0x00000000ec180000, 0x0000000100000000)
  eden space 19968K, 99% used [0x00000000eab00000,0x00000000ebe7e650,0x00000000ebe80000)
  from space 512K, 94% used [0x00000000ec080000,0x00000000ec0f8710,0x00000000ec100000)
  to   space 1536K, 0% used [0x00000000ebe80000,0x00000000ebe80000,0x00000000ec000000)
 ParOldGen       total 68608K, used 51371K [0x00000000c0000000, 0x00000000c4300000, 0x00000000eab00000)
  object space 68608K, 74% used [0x00000000c0000000,0x00000000c322ae50,0x00000000c4300000)
 Metaspace       used 70986K, committed 72192K, reserved 1114112K
  class space    used 8574K, committed 9152K, reserved 1048576K
}
Event: 183.653 GC heap after
{Heap after GC invocations=74 (full 3):
 PSYoungGen      total 21504K, used 691K [0x00000000eab00000, 0x00000000ec100000, 0x0000000100000000)
  eden space 19968K, 0% used [0x00000000eab00000,0x00000000eab00000,0x00000000ebe80000)
  from space 1536K, 45% used [0x00000000ebe80000,0x00000000ebf2cdb8,0x00000000ec000000)
  to   space 1024K, 0% used [0x00000000ec000000,0x00000000ec000000,0x00000000ec100000)
 ParOldGen       total 68608K, used 51734K [0x00000000c0000000, 0x00000000c4300000, 0x00000000eab00000)
  object space 68608K, 75% used [0x00000000c0000000,0x00000000c3285938,0x00000000c4300000)
 Metaspace       used 70986K, committed 72192K, reserved 1114112K
  class space    used 8574K, committed 9152K, reserved 1048576K
}
Event: 184.059 GC heap before
{Heap before GC invocations=75 (full 3):
 PSYoungGen      total 21504K, used 20659K [0x00000000eab00000, 0x00000000ec100000, 0x0000000100000000)
  eden space 19968K, 100% used [0x00000000eab00000,0x00000000ebe80000,0x00000000ebe80000)
  from space 1536K, 45% used [0x00000000ebe80000,0x00000000ebf2cdb8,0x00000000ec000000)
  to   space 1024K, 0% used [0x00000000ec000000,0x00000000ec000000,0x00000000ec100000)
 ParOldGen       total 68608K, used 51734K [0x00000000c0000000, 0x00000000c4300000, 0x00000000eab00000)
  object space 68608K, 75% used [0x00000000c0000000,0x00000000c3285938,0x00000000c4300000)
 Metaspace       used 71362K, committed 72576K, reserved 1114112K
  class space    used 8612K, committed 9152K, reserved 1048576K
}
Event: 184.065 GC heap after
{Heap after GC invocations=75 (full 3):
 PSYoungGen      total 19456K, used 1004K [0x00000000eab00000, 0x00000000ec480000, 0x0000000100000000)
  eden space 18432K, 0% used [0x00000000eab00000,0x00000000eab00000,0x00000000ebd00000)
  from space 1024K, 98% used [0x00000000ec000000,0x00000000ec0fb260,0x00000000ec100000)
  to   space 3072K, 0% used [0x00000000ebd00000,0x00000000ebd00000,0x00000000ec000000)
 ParOldGen       total 68608K, used 53063K [0x00000000c0000000, 0x00000000c4300000, 0x00000000eab00000)
  object space 68608K, 77% used [0x00000000c0000000,0x00000000c33d1fb8,0x00000000c4300000)
 Metaspace       used 71362K, committed 72576K, reserved 1114112K
  class space    used 8612K, committed 9152K, reserved 1048576K
}
Event: 184.213 GC heap before
{Heap before GC invocations=76 (full 3):
 PSYoungGen      total 19456K, used 19436K [0x00000000eab00000, 0x00000000ec480000, 0x0000000100000000)
  eden space 18432K, 100% used [0x00000000eab00000,0x00000000ebd00000,0x00000000ebd00000)
  from space 1024K, 98% used [0x00000000ec000000,0x00000000ec0fb260,0x00000000ec100000)
  to   space 3072K, 0% used [0x00000000ebd00000,0x00000000ebd00000,0x00000000ec000000)
 ParOldGen       total 68608K, used 53063K [0x00000000c0000000, 0x00000000c4300000, 0x00000000eab00000)
  object space 68608K, 77% used [0x00000000c0000000,0x00000000c33d1fb8,0x00000000c4300000)
 Metaspace       used 71890K, committed 73152K, reserved 1114112K
  class space    used 8663K, committed 9216K, reserved 1048576K
}
Event: 184.215 GC heap after
{Heap after GC invocations=76 (full 3):
 PSYoungGen      total 18944K, used 288K [0x00000000eab00000, 0x00000000ec080000, 0x0000000100000000)
  eden space 18432K, 0% used [0x00000000eab00000,0x00000000eab00000,0x00000000ebd00000)
  from space 512K, 56% used [0x00000000ebd00000,0x00000000ebd48000,0x00000000ebd80000)
  to   space 1536K, 0% used [0x00000000ebf00000,0x00000000ebf00000,0x00000000ec080000)
 ParOldGen       total 68608K, used 53263K [0x00000000c0000000, 0x00000000c4300000, 0x00000000eab00000)
  object space 68608K, 77% used [0x00000000c0000000,0x00000000c3403fb8,0x00000000c4300000)
 Metaspace       used 71890K, committed 73152K, reserved 1114112K
  class space    used 8663K, committed 9216K, reserved 1048576K
}
Event: 185.148 GC heap before
{Heap before GC invocations=77 (full 3):
 PSYoungGen      total 18944K, used 18720K [0x00000000eab00000, 0x00000000ec080000, 0x0000000100000000)
  eden space 18432K, 100% used [0x00000000eab00000,0x00000000ebd00000,0x00000000ebd00000)
  from space 512K, 56% used [0x00000000ebd00000,0x00000000ebd48000,0x00000000ebd80000)
  to   space 1536K, 0% used [0x00000000ebf00000,0x00000000ebf00000,0x00000000ec080000)
 ParOldGen       total 68608K, used 53263K [0x00000000c0000000, 0x00000000c4300000, 0x00000000eab00000)
  object space 68608K, 77% used [0x00000000c0000000,0x00000000c3403fb8,0x00000000c4300000)
 Metaspace       used 72968K, committed 74176K, reserved 1114112K
  class space    used 8790K, committed 9344K, reserved 1048576K
}
Event: 185.150 GC heap after
{Heap after GC invocations=77 (full 3):
 PSYoungGen      total 18944K, used 480K [0x00000000eab00000, 0x00000000ebf80000, 0x0000000100000000)
  eden space 18432K, 0% used [0x00000000eab00000,0x00000000eab00000,0x00000000ebd00000)
  from space 512K, 93% used [0x00000000ebf00000,0x00000000ebf78010,0x00000000ebf80000)
  to   space 1024K, 0% used [0x00000000ebd80000,0x00000000ebd80000,0x00000000ebe80000)
 ParOldGen       total 68608K, used 53327K [0x00000000c0000000, 0x00000000c4300000, 0x00000000eab00000)
  object space 68608K, 77% used [0x00000000c0000000,0x00000000c3413fb8,0x00000000c4300000)
 Metaspace       used 72968K, committed 74176K, reserved 1114112K
  class space    used 8790K, committed 9344K, reserved 1048576K
}
Event: 185.752 GC heap before
{Heap before GC invocations=78 (full 3):
 PSYoungGen      total 18944K, used 18912K [0x00000000eab00000, 0x00000000ebf80000, 0x0000000100000000)
  eden space 18432K, 100% used [0x00000000eab00000,0x00000000ebd00000,0x00000000ebd00000)
  from space 512K, 93% used [0x00000000ebf00000,0x00000000ebf78010,0x00000000ebf80000)
  to   space 1024K, 0% used [0x00000000ebd80000,0x00000000ebd80000,0x00000000ebe80000)
 ParOldGen       total 68608K, used 53328K [0x00000000c0000000, 0x00000000c4300000, 0x00000000eab00000)
  object space 68608K, 77% used [0x00000000c0000000,0x00000000c3414030,0x00000000c4300000)
 Metaspace       used 74223K, committed 75456K, reserved 1179648K
  class space    used 8911K, committed 9472K, reserved 1048576K
}
Event: 185.757 GC heap after
{Heap after GC invocations=78 (full 3):
 PSYoungGen      total 19456K, used 1001K [0x00000000eab00000, 0x00000000ec200000, 0x0000000100000000)
  eden space 18432K, 0% used [0x00000000eab00000,0x00000000eab00000,0x00000000ebd00000)
  from space 1024K, 97% used [0x00000000ebd80000,0x00000000ebe7a660,0x00000000ebe80000)
  to   space 2560K, 0% used [0x00000000ebf80000,0x00000000ebf80000,0x00000000ec200000)
 ParOldGen       total 68608K, used 54202K [0x00000000c0000000, 0x00000000c4300000, 0x00000000eab00000)
  object space 68608K, 79% used [0x00000000c0000000,0x00000000c34ee8a0,0x00000000c4300000)
 Metaspace       used 74223K, committed 75456K, reserved 1179648K
  class space    used 8911K, committed 9472K, reserved 1048576K
}
Event: 186.223 GC heap before
{Heap before GC invocations=79 (full 3):
 PSYoungGen      total 19456K, used 19433K [0x00000000eab00000, 0x00000000ec200000, 0x0000000100000000)
  eden space 18432K, 100% used [0x00000000eab00000,0x00000000ebd00000,0x00000000ebd00000)
  from space 1024K, 97% used [0x00000000ebd80000,0x00000000ebe7a660,0x00000000ebe80000)
  to   space 2560K, 0% used [0x00000000ebf80000,0x00000000ebf80000,0x00000000ec200000)
 ParOldGen       total 68608K, used 54206K [0x00000000c0000000, 0x00000000c4300000, 0x00000000eab00000)
  object space 68608K, 79% used [0x00000000c0000000,0x00000000c34efb38,0x00000000c4300000)
 Metaspace       used 75269K, committed 76480K, reserved 1179648K
  class space    used 9024K, committed 9600K, reserved 1048576K
}
Event: 186.225 GC heap after
{Heap after GC invocations=79 (full 3):
 PSYoungGen      total 19456K, used 830K [0x00000000eab00000, 0x00000000ec080000, 0x0000000100000000)
  eden space 18432K, 0% used [0x00000000eab00000,0x00000000eab00000,0x00000000ebd00000)
  from space 1024K, 81% used [0x00000000ebf80000,0x00000000ec04fa70,0x00000000ec080000)
  to   space 1536K, 0% used [0x00000000ebd80000,0x00000000ebd80000,0x00000000ebf00000)
 ParOldGen       total 68608K, used 54475K [0x00000000c0000000, 0x00000000c4300000, 0x00000000eab00000)
  object space 68608K, 79% used [0x00000000c0000000,0x00000000c3532db0,0x00000000c4300000)
 Metaspace       used 75269K, committed 76480K, reserved 1179648K
  class space    used 9024K, committed 9600K, reserved 1048576K
}
Event: 189.167 GC heap before
{Heap before GC invocations=80 (full 3):
 PSYoungGen      total 19456K, used 19262K [0x00000000eab00000, 0x00000000ec080000, 0x0000000100000000)
  eden space 18432K, 100% used [0x00000000eab00000,0x00000000ebd00000,0x00000000ebd00000)
  from space 1024K, 81% used [0x00000000ebf80000,0x00000000ec04fa70,0x00000000ec080000)
  to   space 1536K, 0% used [0x00000000ebd80000,0x00000000ebd80000,0x00000000ebf00000)
 ParOldGen       total 68608K, used 54475K [0x00000000c0000000, 0x00000000c4300000, 0x00000000eab00000)
  object space 68608K, 79% used [0x00000000c0000000,0x00000000c3532db0,0x00000000c4300000)
 Metaspace       used 75962K, committed 77184K, reserved 1179648K
  class space    used 9059K, committed 9600K, reserved 1048576K
}
Event: 189.169 GC heap after
{Heap after GC invocations=80 (full 3):
 PSYoungGen      total 19968K, used 608K [0x00000000eab00000, 0x00000000ec000000, 0x0000000100000000)
  eden space 18432K, 0% used [0x00000000eab00000,0x00000000eab00000,0x00000000ebd00000)
  from space 1536K, 39% used [0x00000000ebd80000,0x00000000ebe18020,0x00000000ebf00000)
  to   space 1024K, 0% used [0x00000000ebf00000,0x00000000ebf00000,0x00000000ec000000)
 ParOldGen       total 68608K, used 54798K [0x00000000c0000000, 0x00000000c4300000, 0x00000000eab00000)
  object space 68608K, 79% used [0x00000000c0000000,0x00000000c3583948,0x00000000c4300000)
 Metaspace       used 75962K, committed 77184K, reserved 1179648K
  class space    used 9059K, committed 9600K, reserved 1048576K
}
Event: 1244.463 GC heap before
{Heap before GC invocations=81 (full 3):
 PSYoungGen      total 19968K, used 19040K [0x00000000eab00000, 0x00000000ec000000, 0x0000000100000000)
  eden space 18432K, 100% used [0x00000000eab00000,0x00000000ebd00000,0x00000000ebd00000)
  from space 1536K, 39% used [0x00000000ebd80000,0x00000000ebe18020,0x00000000ebf00000)
  to   space 1024K, 0% used [0x00000000ebf00000,0x00000000ebf00000,0x00000000ec000000)
 ParOldGen       total 68608K, used 54798K [0x00000000c0000000, 0x00000000c4300000, 0x00000000eab00000)
  object space 68608K, 79% used [0x00000000c0000000,0x00000000c3583948,0x00000000c4300000)
 Metaspace       used 76404K, committed 77632K, reserved 1179648K
  class space    used 9113K, committed 9664K, reserved 1048576K
}
Event: 1244.525 GC heap after
{Heap after GC invocations=81 (full 3):
 PSYoungGen      total 18944K, used 320K [0x00000000eab00000, 0x00000000ebf80000, 0x0000000100000000)
  eden space 18432K, 0% used [0x00000000eab00000,0x00000000eab00000,0x00000000ebd00000)
  from space 512K, 62% used [0x00000000ebf00000,0x00000000ebf50000,0x00000000ebf80000)
  to   space 512K, 0% used [0x00000000ebe80000,0x00000000ebe80000,0x00000000ebf00000)
 ParOldGen       total 68608K, used 54966K [0x00000000c0000000, 0x00000000c4300000, 0x00000000eab00000)
  object space 68608K, 80% used [0x00000000c0000000,0x00000000c35ad968,0x00000000c4300000)
 Metaspace       used 76404K, committed 77632K, reserved 1179648K
  class space    used 9113K, committed 9664K, reserved 1048576K
}

Dll operation events (15 events):
Event: 0.019 Loaded shared library c:\Users\hp\.vscode\extensions\redhat.java-1.27.0-win32-x64\jre\17.0.10-win32-x86_64\bin\java.dll
Event: 0.256 Loaded shared library c:\Users\hp\.vscode\extensions\redhat.java-1.27.0-win32-x64\jre\17.0.10-win32-x86_64\bin\zip.dll
Event: 0.261 Loaded shared library C:\Users\hp\.vscode\extensions\redhat.java-1.27.0-win32-x64\jre\17.0.10-win32-x86_64\bin\instrument.dll
Event: 0.279 Loaded shared library C:\Users\hp\.vscode\extensions\redhat.java-1.27.0-win32-x64\jre\17.0.10-win32-x86_64\bin\net.dll
Event: 0.283 Loaded shared library C:\Users\hp\.vscode\extensions\redhat.java-1.27.0-win32-x64\jre\17.0.10-win32-x86_64\bin\nio.dll
Event: 0.293 Loaded shared library C:\Users\hp\.vscode\extensions\redhat.java-1.27.0-win32-x64\jre\17.0.10-win32-x86_64\bin\zip.dll
Event: 0.319 Loaded shared library C:\Users\hp\.vscode\extensions\redhat.java-1.27.0-win32-x64\jre\17.0.10-win32-x86_64\bin\jimage.dll
Event: 0.430 Loaded shared library c:\Users\hp\.vscode\extensions\redhat.java-1.27.0-win32-x64\jre\17.0.10-win32-x86_64\bin\verify.dll
Event: 1.908 Loaded shared library C:\Users\hp\AppData\Roaming\Code\User\globalStorage\redhat.java\1.27.0\config_win\org.eclipse.equinox.launcher\org.eclipse.equinox.launcher.win32.win32.x86_64_1.2.900.v20240129-1338\eclipse_11900.dll
Event: 6.340 Loaded shared library C:\Users\hp\AppData\Local\Temp\jna-3336\jna16204600817351821441.dll
Event: 9.862 Loaded shared library C:\Users\hp\.gradle\native\e1d6ef7f7dcc3fd88c89a11ec53ec762bb8ba0a96d01ffa2cd45eb1d1d8dd5c5\windows-amd64\native-platform.dll
Event: 11.175 Loaded shared library C:\Users\hp\.vscode\extensions\redhat.java-1.27.0-win32-x64\jre\17.0.10-win32-x86_64\bin\management.dll
Event: 11.181 Loaded shared library C:\Users\hp\.vscode\extensions\redhat.java-1.27.0-win32-x64\jre\17.0.10-win32-x86_64\bin\management_ext.dll
Event: 13.652 Loaded shared library C:\Users\hp\.vscode\extensions\redhat.java-1.27.0-win32-x64\jre\17.0.10-win32-x86_64\bin\extnet.dll
Event: 17.011 Loaded shared library C:\Users\hp\.vscode\extensions\redhat.java-1.27.0-win32-x64\jre\17.0.10-win32-x86_64\bin\sunmscapi.dll

Deoptimization events (20 events):
Event: 311.429 Thread 0x00000267a7cfa880 DEOPT PACKING pc=0x0000026790b35ee0 sp=0x00000085e26fea40
Event: 311.429 Thread 0x00000267a7cfa880 DEOPT UNPACKING pc=0x00000267974e6e43 sp=0x00000085e26fdf88 mode 0
Event: 311.447 Thread 0x00000267a7cfa880 Uncommon trap: trap_request=0xffffff45 fr.pc=0x0000026797caffa4 relative=0x0000000000000184
Event: 311.447 Thread 0x00000267a7cfa880 Uncommon trap: reason=unstable_if action=reinterpret pc=0x0000026797caffa4 method=jdk.internal.org.objectweb.asm.Frame.push(I)V @ 26 c2
Event: 311.447 Thread 0x00000267a7cfa880 DEOPT PACKING pc=0x0000026797caffa4 sp=0x00000085e26fd680
Event: 311.447 Thread 0x00000267a7cfa880 DEOPT UNPACKING pc=0x00000267974e66a3 sp=0x00000085e26fd608 mode 2
Event: 1237.330 Thread 0x00000267a9430ed0 Uncommon trap: trap_request=0xffffff45 fr.pc=0x0000026797fb40d0 relative=0x00000000000007d0
Event: 1237.332 Thread 0x00000267a9430ed0 Uncommon trap: reason=unstable_if action=reinterpret pc=0x0000026797fb40d0 method=java.util.concurrent.locks.ReentrantLock$Sync.tryLockNanos(J)Z @ 3 c2
Event: 1237.333 Thread 0x00000267a9430ed0 DEOPT PACKING pc=0x0000026797fb40d0 sp=0x00000085e2dfede0
Event: 1237.336 Thread 0x00000267a9430ed0 DEOPT UNPACKING pc=0x00000267974e66a3 sp=0x00000085e2dfec50 mode 2
Event: 1244.937 Thread 0x00000267ab45a7d0 Uncommon trap: trap_request=0xffffffc6 fr.pc=0x0000026797e36db8 relative=0x00000000000004d8
Event: 1244.937 Thread 0x00000267ab45a7d0 Uncommon trap: reason=bimorphic_or_optimized_type_check action=maybe_recompile pc=0x0000026797e36db8 method=java.util.HashMap.removeNode(ILjava/lang/Object;Ljava/lang/Object;ZZ)Ljava/util/HashMap$Node; @ 143 c2
Event: 1244.937 Thread 0x00000267ab45a7d0 DEOPT PACKING pc=0x0000026797e36db8 sp=0x00000085e04fe250
Event: 1244.939 Thread 0x00000267ab45a7d0 DEOPT UNPACKING pc=0x00000267974e66a3 sp=0x00000085e04fe1c8 mode 2
Event: 1244.986 Thread 0x00000267ab45a7d0 Uncommon trap: trap_request=0xfffffff4 fr.pc=0x0000026797bfd4f4 relative=0x0000000000001014
Event: 1244.989 Thread 0x00000267ab45a7d0 Uncommon trap: reason=null_check action=make_not_entrant pc=0x0000026797bfd4f4 method=org.apache.aries.spifly.BaseActivator.getWeavingData(Lorg/osgi/framework/Bundle;)Ljava/util/Set; @ 10 c2
Event: 1244.992 Thread 0x00000267ab45a7d0 DEOPT PACKING pc=0x0000026797bfd4f4 sp=0x00000085e04fd7e0
Event: 1244.993 Thread 0x00000267ab45a7d0 DEOPT UNPACKING pc=0x00000267974e66a3 sp=0x00000085e04fd588 mode 2
Event: 1246.307 Thread 0x00000267a942fa90 DEOPT PACKING pc=0x0000026790a922d1 sp=0x00000085e29febf0
Event: 1246.307 Thread 0x00000267a942fa90 DEOPT UNPACKING pc=0x00000267974e6e43 sp=0x00000085e29fe0a8 mode 0

Classes unloaded (7 events):
Event: 3.598 Thread 0x00000267a62a4870 Unloading class 0x0000000100250400 'java/lang/invoke/LambdaForm$MH+0x0000000100250400'
Event: 3.598 Thread 0x00000267a62a4870 Unloading class 0x0000000100250000 'java/lang/invoke/LambdaForm$MH+0x0000000100250000'
Event: 3.598 Thread 0x00000267a62a4870 Unloading class 0x000000010024bc00 'java/lang/invoke/LambdaForm$MH+0x000000010024bc00'
Event: 3.598 Thread 0x00000267a62a4870 Unloading class 0x000000010024b800 'java/lang/invoke/LambdaForm$MH+0x000000010024b800'
Event: 3.598 Thread 0x00000267a62a4870 Unloading class 0x000000010024b400 'java/lang/invoke/LambdaForm$BMH+0x000000010024b400'
Event: 3.598 Thread 0x00000267a62a4870 Unloading class 0x000000010024b000 'java/lang/invoke/LambdaForm$DMH+0x000000010024b000'
Event: 3.598 Thread 0x00000267a62a4870 Unloading class 0x0000000100248400 'java/lang/invoke/LambdaForm$DMH+0x0000000100248400'

Classes redefined (0 events):
No events

Internal exceptions (20 events):
Event: 1240.009 Thread 0x00000267a7cfa880 Exception <a 'java/lang/NoSuchMethodError'{0x00000000ebb60518}: 'java.lang.Object java.lang.invoke.DirectMethodHandle$Holder.newInvokeSpecial(java.lang.Object, java.lang.Object, java.lang.Object, java.lang.Object, java.lang.Object, java.lang.Object, java.lang.Object, java.lang.Object, java.lang.Object, java.lang.Object)'> (0x00000000ebb60518) 
thrown [s\src\hotspot\share\interpreter\linkResolver.cpp, line 759]
Event: 1240.018 Thread 0x00000267a7cfa880 Exception <a 'java/lang/NoSuchMethodError'{0x00000000ebb65510}: 'java.lang.Object java.lang.invoke.DirectMethodHandle$Holder.invokeSpecial(java.lang.Object, java.lang.Object, java.lang.Object, java.lang.Object, java.lang.Object, java.lang.Object, java.lang.Object, java.lang.Object, java.lang.Object, java.lang.Object, java.lang.Object)'> (0x00000000ebb65510) 
thrown [s\src\hotspot\share\interpreter\linkResolver.cpp, line 759]
Event: 1240.023 Thread 0x00000267a7cfa880 Exception <a 'java/lang/NoSuchMethodError'{0x00000000ebb69a20}: 'java.lang.Object java.lang.invoke.Invokers$Holder.linkToTargetMethod(java.lang.Object, java.lang.Object, java.lang.Object, java.lang.Object, java.lang.Object, java.lang.Object, java.lang.Object, java.lang.Object, java.lang.Object, java.lang.Object)'> (0x00000000ebb69a20) 
thrown [s\src\hotspot\share\interpreter\linkResolver.cpp, line 759]
Event: 1240.746 Thread 0x00000267a7cfa880 Exception <a 'sun/nio/fs/WindowsException'{0x00000000ebc024a8}> (0x00000000ebc024a8) 
thrown [s\src\hotspot\share\prims\jni.cpp, line 516]
Event: 1241.407 Thread 0x00000267ab45b1f0 Exception <a 'java/io/IOException'{0x00000000eba7c5b8}> (0x00000000eba7c5b8) 
thrown [s\src\hotspot\share\prims\jni.cpp, line 516]
Event: 1241.411 Thread 0x00000267ab45b1f0 Exception <a 'java/io/IOException'{0x00000000eba7c8c8}> (0x00000000eba7c8c8) 
thrown [s\src\hotspot\share\prims\jni.cpp, line 516]
Event: 1241.412 Thread 0x00000267ab45b1f0 Exception <a 'java/io/IOException'{0x00000000eba7cbd8}> (0x00000000eba7cbd8) 
thrown [s\src\hotspot\share\prims\jni.cpp, line 516]
Event: 1241.423 Thread 0x00000267ab45b1f0 Exception <a 'java/io/IOException'{0x00000000eba7d5e0}> (0x00000000eba7d5e0) 
thrown [s\src\hotspot\share\prims\jni.cpp, line 516]
Event: 1241.423 Thread 0x00000267ab45b1f0 Exception <a 'java/io/IOException'{0x00000000eba7d8f0}> (0x00000000eba7d8f0) 
thrown [s\src\hotspot\share\prims\jni.cpp, line 516]
Event: 1241.424 Thread 0x00000267ab45b1f0 Exception <a 'java/io/IOException'{0x00000000eba7dc00}> (0x00000000eba7dc00) 
thrown [s\src\hotspot\share\prims\jni.cpp, line 516]
Event: 1241.761 Thread 0x00000267ab45b1f0 Exception <a 'java/io/IOException'{0x00000000eba7eca0}> (0x00000000eba7eca0) 
thrown [s\src\hotspot\share\prims\jni.cpp, line 516]
Event: 1241.761 Thread 0x00000267ab45b1f0 Exception <a 'java/io/IOException'{0x00000000eba7efb0}> (0x00000000eba7efb0) 
thrown [s\src\hotspot\share\prims\jni.cpp, line 516]
Event: 1241.761 Thread 0x00000267ab45b1f0 Exception <a 'java/io/IOException'{0x00000000ebc65590}> (0x00000000ebc65590) 
thrown [s\src\hotspot\share\prims\jni.cpp, line 516]
Event: 1241.769 Thread 0x00000267ab45b1f0 Exception <a 'java/io/IOException'{0x00000000ebc66990}> (0x00000000ebc66990) 
thrown [s\src\hotspot\share\prims\jni.cpp, line 516]
Event: 1241.769 Thread 0x00000267ab45b1f0 Exception <a 'java/io/IOException'{0x00000000ebc66ca0}> (0x00000000ebc66ca0) 
thrown [s\src\hotspot\share\prims\jni.cpp, line 516]
Event: 1241.769 Thread 0x00000267ab45b1f0 Exception <a 'java/io/IOException'{0x00000000ebc66fb0}> (0x00000000ebc66fb0) 
thrown [s\src\hotspot\share\prims\jni.cpp, line 516]
Event: 1244.948 Thread 0x00000267ab45a7d0 Exception <a 'java/lang/NoSuchMethodError'{0x00000000eab4d3d8}: 'void java.lang.invoke.DirectMethodHandle$Holder.invokeInterface(java.lang.Object, java.lang.Object)'> (0x00000000eab4d3d8) 
thrown [s\src\hotspot\share\interpreter\linkResolver.cpp, line 759]
Event: 1244.986 Thread 0x00000267ab45a7d0 Implicit null exception at 0x0000026797bfd476 to 0x0000026797bfd4e4
Event: 1245.820 Thread 0x00000267a942fa90 Exception <a 'sun/nio/fs/WindowsException'{0x00000000eac82628}> (0x00000000eac82628) 
thrown [s\src\hotspot\share\prims\jni.cpp, line 516]
Event: 1247.460 Thread 0x00000267a942fa90 Exception <a 'sun/nio/fs/WindowsException'{0x00000000eb7b5690}> (0x00000000eb7b5690) 
thrown [s\src\hotspot\share\prims\jni.cpp, line 516]

VM Operations (20 events):
Event: 1057.574 Executing VM operation: Cleanup
Event: 1057.579 Executing VM operation: Cleanup done
Event: 1205.336 Executing VM operation: Cleanup
Event: 1205.337 Executing VM operation: Cleanup done
Event: 1237.544 Executing VM operation: Cleanup
Event: 1237.590 Executing VM operation: Cleanup done
Event: 1239.590 Executing VM operation: Cleanup
Event: 1239.597 Executing VM operation: Cleanup done
Event: 1240.597 Executing VM operation: Cleanup
Event: 1240.621 Executing VM operation: Cleanup done
Event: 1241.621 Executing VM operation: Cleanup
Event: 1241.682 Executing VM operation: Cleanup done
Event: 1242.682 Executing VM operation: Cleanup
Event: 1242.694 Executing VM operation: Cleanup done
Event: 1244.462 Executing VM operation: ParallelGCFailedAllocation
Event: 1244.525 Executing VM operation: ParallelGCFailedAllocation done
Event: 1245.455 Executing VM operation: HandshakeAllThreads
Event: 1245.455 Executing VM operation: HandshakeAllThreads done
Event: 1246.456 Executing VM operation: Cleanup
Event: 1246.521 Executing VM operation: Cleanup done

Events (20 events):
Event: 1240.171 Thread 0x00000267ab45c120 Thread added: 0x00000267ab45c120
Event: 1240.224 loading class java/util/stream/Nodes$ToArrayTask$OfRef
Event: 1240.235 loading class java/util/stream/Nodes$ToArrayTask
Event: 1240.244 loading class java/util/stream/Nodes$ToArrayTask done
Event: 1240.244 loading class java/util/stream/Nodes$ToArrayTask$OfRef done
Event: 1240.246 Thread 0x00000267ab459db0 Thread exited: 0x00000267ab459db0
Event: 1240.246 Thread 0x00000267ab45c120 Thread exited: 0x00000267ab45c120
Event: 1240.247 Thread 0x00000267ab45da70 Thread exited: 0x00000267ab45da70
Event: 1242.035 Thread 0x00000267ab45a7d0 Thread added: 0x00000267ab45a7d0
Event: 1244.343 Thread 0x00000267ab45fde0 Thread added: 0x00000267ab45fde0
Event: 1245.624 loading class java/util/Hashtable$KeySet
Event: 1245.626 loading class java/util/Hashtable$KeySet done
Event: 1247.969 Thread 0x00000267a942fa90 Thread exited: 0x00000267a942fa90
Event: 1248.136 loading class javax/security/auth/login/Configuration
Event: 1248.149 loading class javax/security/auth/login/Configuration done
Event: 1248.198 Thread 0x00000267a7cf9440 Thread exited: 0x00000267a7cf9440
Event: 1248.200 Thread 0x00000267ab45b1f0 Thread exited: 0x00000267ab45b1f0
Event: 1248.210 Thread 0x00000267a7cfa880 Thread exited: 0x00000267a7cfa880
Event: 1248.232 Thread 0x00000267ab45fde0 Thread exited: 0x00000267ab45fde0
Event: 1248.235 Thread 0x00000267a7cf9e60 Thread exited: 0x00000267a7cf9e60


Dynamic libraries:
0x00007ff737db0000 - 0x00007ff737dbe000 	c:\Users\hp\.vscode\extensions\redhat.java-1.27.0-win32-x64\jre\17.0.10-win32-x86_64\bin\java.exe
0x00007fff3a150000 - 0x00007fff3a367000 	C:\WINDOWS\SYSTEM32\ntdll.dll
0x00007fff38190000 - 0x00007fff38254000 	C:\WINDOWS\System32\KERNEL32.DLL
0x00007fff378b0000 - 0x00007fff37c56000 	C:\WINDOWS\System32\KERNELBASE.dll
0x00007fff37d80000 - 0x00007fff37e91000 	C:\WINDOWS\System32\ucrtbase.dll
0x00007fff24740000 - 0x00007fff2475b000 	c:\Users\hp\.vscode\extensions\redhat.java-1.27.0-win32-x64\jre\17.0.10-win32-x86_64\bin\VCRUNTIME140.dll
0x00007fff24410000 - 0x00007fff24427000 	c:\Users\hp\.vscode\extensions\redhat.java-1.27.0-win32-x64\jre\17.0.10-win32-x86_64\bin\jli.dll
0x00007fff135d0000 - 0x00007fff13863000 	C:\WINDOWS\WinSxS\amd64_microsoft.windows.common-controls_6595b64144ccf1df_6.0.22621.2506_none_270c5ae97388e100\COMCTL32.dll
0x00007fff38730000 - 0x00007fff388de000 	C:\WINDOWS\System32\USER32.dll
0x00007fff38430000 - 0x00007fff384d7000 	C:\WINDOWS\System32\msvcrt.dll
0x00007fff38700000 - 0x00007fff38729000 	C:\WINDOWS\System32\GDI32.dll
0x00007fff37c60000 - 0x00007fff37d78000 	C:\WINDOWS\System32\gdi32full.dll
0x00007fff37750000 - 0x00007fff377ea000 	C:\WINDOWS\System32\msvcp_win.dll
0x00007fff376b0000 - 0x00007fff376d6000 	C:\WINDOWS\System32\win32u.dll
0x00007fff389b0000 - 0x00007fff389e1000 	C:\WINDOWS\System32\IMM32.DLL
0x00007fff329c0000 - 0x00007fff329cc000 	c:\Users\hp\.vscode\extensions\redhat.java-1.27.0-win32-x64\jre\17.0.10-win32-x86_64\bin\vcruntime140_1.dll
0x00007ffefb100000 - 0x00007ffefb18d000 	c:\Users\hp\.vscode\extensions\redhat.java-1.27.0-win32-x64\jre\17.0.10-win32-x86_64\bin\msvcp140.dll
0x00007ffee8fa0000 - 0x00007ffee9c02000 	c:\Users\hp\.vscode\extensions\redhat.java-1.27.0-win32-x64\jre\17.0.10-win32-x86_64\bin\server\jvm.dll
0x00007fff38260000 - 0x00007fff38313000 	C:\WINDOWS\System32\ADVAPI32.dll
0x00007fff38900000 - 0x00007fff389a8000 	C:\WINDOWS\System32\sechost.dll
0x00007fff37680000 - 0x00007fff376a8000 	C:\WINDOWS\System32\bcrypt.dll
0x00007fff389f0000 - 0x00007fff38b07000 	C:\WINDOWS\System32\RPCRT4.dll
0x00007fff36f20000 - 0x00007fff36f6d000 	C:\WINDOWS\SYSTEM32\POWRPROF.dll
0x00007fff2ee20000 - 0x00007fff2ee54000 	C:\WINDOWS\SYSTEM32\WINMM.dll
0x00007fff24630000 - 0x00007fff24639000 	C:\WINDOWS\SYSTEM32\WSOCK32.dll
0x00007fff2e5a0000 - 0x00007fff2e5aa000 	C:\WINDOWS\SYSTEM32\VERSION.dll
0x00007fff38320000 - 0x00007fff38391000 	C:\WINDOWS\System32\WS2_32.dll
0x00007fff36e00000 - 0x00007fff36e13000 	C:\WINDOWS\SYSTEM32\UMPDC.dll
0x00007fff364c0000 - 0x00007fff364d8000 	C:\WINDOWS\SYSTEM32\kernel.appcore.dll
0x00007fff2efe0000 - 0x00007fff2efea000 	c:\Users\hp\.vscode\extensions\redhat.java-1.27.0-win32-x64\jre\17.0.10-win32-x86_64\bin\jimage.dll
0x00007fff25070000 - 0x00007fff252a3000 	C:\WINDOWS\SYSTEM32\DBGHELP.DLL
0x00007fff38ea0000 - 0x00007fff39229000 	C:\WINDOWS\System32\combase.dll
0x00007fff38dc0000 - 0x00007fff38e97000 	C:\WINDOWS\System32\OLEAUT32.dll
0x00007fff1c8f0000 - 0x00007fff1c922000 	C:\WINDOWS\SYSTEM32\dbgcore.DLL
0x00007fff37490000 - 0x00007fff3750a000 	C:\WINDOWS\System32\bcryptPrimitives.dll
0x00007fff2ef70000 - 0x00007fff2ef7e000 	c:\Users\hp\.vscode\extensions\redhat.java-1.27.0-win32-x64\jre\17.0.10-win32-x86_64\bin\instrument.dll
0x00007fff15cc0000 - 0x00007fff15ce5000 	c:\Users\hp\.vscode\extensions\redhat.java-1.27.0-win32-x64\jre\17.0.10-win32-x86_64\bin\java.dll
0x00007fff240d0000 - 0x00007fff240e8000 	c:\Users\hp\.vscode\extensions\redhat.java-1.27.0-win32-x64\jre\17.0.10-win32-x86_64\bin\zip.dll
0x00007fff398b0000 - 0x00007fff3a10a000 	C:\WINDOWS\System32\SHELL32.dll
0x00007fff353e0000 - 0x00007fff35cd6000 	C:\WINDOWS\SYSTEM32\windows.storage.dll
0x00007fff352a0000 - 0x00007fff353de000 	C:\WINDOWS\SYSTEM32\wintypes.dll
0x00007fff37ea0000 - 0x00007fff37f93000 	C:\WINDOWS\System32\SHCORE.dll
0x00007fff38b10000 - 0x00007fff38b6e000 	C:\WINDOWS\System32\shlwapi.dll
0x00007fff373c0000 - 0x00007fff373e6000 	C:\WINDOWS\SYSTEM32\profapi.dll
0x00007fff15c70000 - 0x00007fff15c89000 	C:\Users\hp\.vscode\extensions\redhat.java-1.27.0-win32-x64\jre\17.0.10-win32-x86_64\bin\net.dll
0x00007fff31b30000 - 0x00007fff31c67000 	C:\WINDOWS\SYSTEM32\WINHTTP.dll
0x00007fff36940000 - 0x00007fff369a9000 	C:\WINDOWS\system32\mswsock.dll
0x00007fff147f0000 - 0x00007fff14806000 	C:\Users\hp\.vscode\extensions\redhat.java-1.27.0-win32-x64\jre\17.0.10-win32-x86_64\bin\nio.dll
0x00007fff2c470000 - 0x00007fff2c480000 	c:\Users\hp\.vscode\extensions\redhat.java-1.27.0-win32-x64\jre\17.0.10-win32-x86_64\bin\verify.dll
0x00007fff07900000 - 0x00007fff0793e000 	C:\Users\hp\AppData\Roaming\Code\User\globalStorage\redhat.java\1.27.0\config_win\org.eclipse.equinox.launcher\org.eclipse.equinox.launcher.win32.win32.x86_64_1.2.900.v20240129-1338\eclipse_11900.dll
0x00007fff384e0000 - 0x00007fff38680000 	C:\WINDOWS\System32\ole32.dll
0x00007fff36b90000 - 0x00007fff36bab000 	C:\WINDOWS\SYSTEM32\CRYPTSP.dll
0x00007fff36420000 - 0x00007fff36455000 	C:\WINDOWS\system32\rsaenh.dll
0x00007fff36a30000 - 0x00007fff36a5c000 	C:\WINDOWS\SYSTEM32\USERENV.dll
0x00007fff36bb0000 - 0x00007fff36bbc000 	C:\WINDOWS\SYSTEM32\CRYPTBASE.dll
0x00007fff35f30000 - 0x00007fff35f5d000 	C:\WINDOWS\SYSTEM32\IPHLPAPI.DLL
0x00007fff388f0000 - 0x00007fff388f9000 	C:\WINDOWS\System32\NSI.dll
0x00007fff312c0000 - 0x00007fff312d9000 	C:\WINDOWS\SYSTEM32\dhcpcsvc6.DLL
0x00007fff31130000 - 0x00007fff3114f000 	C:\WINDOWS\SYSTEM32\dhcpcsvc.DLL
0x00007fff35f60000 - 0x00007fff36059000 	C:\WINDOWS\SYSTEM32\DNSAPI.dll
0x00007ffefa370000 - 0x00007ffefa3b5000 	C:\Users\hp\AppData\Local\Temp\jna-3336\jna16204600817351821441.dll
0x00007fff37fa0000 - 0x00007fff37fa8000 	C:\WINDOWS\System32\PSAPI.DLL
0x00007fff14cb0000 - 0x00007fff14cd7000 	C:\Users\hp\.gradle\native\e1d6ef7f7dcc3fd88c89a11ec53ec762bb8ba0a96d01ffa2cd45eb1d1d8dd5c5\windows-amd64\native-platform.dll
0x00007fff11560000 - 0x00007fff11569000 	C:\Users\hp\.vscode\extensions\redhat.java-1.27.0-win32-x64\jre\17.0.10-win32-x86_64\bin\management.dll
0x00007fff0f130000 - 0x00007fff0f13b000 	C:\Users\hp\.vscode\extensions\redhat.java-1.27.0-win32-x64\jre\17.0.10-win32-x86_64\bin\management_ext.dll
0x00007fff0ed60000 - 0x00007fff0ed69000 	C:\Users\hp\.vscode\extensions\redhat.java-1.27.0-win32-x64\jre\17.0.10-win32-x86_64\bin\extnet.dll
0x00007fff0b500000 - 0x00007fff0b50e000 	C:\Users\hp\.vscode\extensions\redhat.java-1.27.0-win32-x64\jre\17.0.10-win32-x86_64\bin\sunmscapi.dll
0x00007fff37510000 - 0x00007fff37676000 	C:\WINDOWS\System32\CRYPT32.dll
0x00007fff36dd0000 - 0x00007fff36dfe000 	C:\WINDOWS\SYSTEM32\ncrypt.dll
0x00007fff36d80000 - 0x00007fff36db7000 	C:\WINDOWS\SYSTEM32\NTASN1.dll
0x00007fff0fea0000 - 0x00007fff0fea8000 	C:\WINDOWS\system32\wshunix.dll
0x00007fff364e0000 - 0x00007fff36514000 	C:\WINDOWS\SYSTEM32\ntmarta.dll

dbghelp: loaded successfully - version: 4.0.5 - missing functions: none
symbol engine: initialized successfully - sym options: 0x614 - pdb path: .;c:\Users\hp\.vscode\extensions\redhat.java-1.27.0-win32-x64\jre\17.0.10-win32-x86_64\bin;C:\WINDOWS\SYSTEM32;C:\WINDOWS\WinSxS\amd64_microsoft.windows.common-controls_6595b64144ccf1df_6.0.22621.2506_none_270c5ae97388e100;c:\Users\hp\.vscode\extensions\redhat.java-1.27.0-win32-x64\jre\17.0.10-win32-x86_64\bin\server;C:\Users\hp\AppData\Roaming\Code\User\globalStorage\redhat.java\1.27.0\config_win\org.eclipse.equinox.launcher\org.eclipse.equinox.launcher.win32.win32.x86_64_1.2.900.v20240129-1338;C:\Users\hp\AppData\Local\Temp\jna-3336;C:\Users\hp\.gradle\native\e1d6ef7f7dcc3fd88c89a11ec53ec762bb8ba0a96d01ffa2cd45eb1d1d8dd5c5\windows-amd64

VM Arguments:
jvm_args: --add-modules=ALL-SYSTEM --add-opens=java.base/java.util=ALL-UNNAMED --add-opens=java.base/java.lang=ALL-UNNAMED --add-opens=java.base/sun.nio.fs=ALL-UNNAMED -Declipse.application=org.eclipse.jdt.ls.core.id1 -Dosgi.bundles.defaultStartLevel=4 -Declipse.product=org.eclipse.jdt.ls.core.product -Djava.import.generatesMetadataFilesAtProjectRoot=false -DDetectVMInstallationsJob.disabled=true -Dfile.encoding=utf8 -XX:+UseParallelGC -XX:GCTimeRatio=4 -XX:AdaptiveSizePolicyWeight=90 -Dsun.zip.disableMemoryMapping=true -Xmx1G -Xms100m -Xlog:disable -javaagent:c:\Users\hp\.vscode\extensions\redhat.java-1.27.0-win32-x64\lombok\lombok-1.18.31.jar -XX:+HeapDumpOnOutOfMemoryError -XX:HeapDumpPath=c:\Users\hp\AppData\Roaming\Code\User\workspaceStorage\1c5843b34a3158e84823a3ab318efdae\redhat.java -Daether.dependencyCollector.impl=bf 
java_command: c:\Users\hp\.vscode\extensions\redhat.java-1.27.0-win32-x64\server\plugins\org.eclipse.equinox.launcher_1.6.700.v20231214-2017.jar -configuration c:\Users\hp\AppData\Roaming\Code\User\globalStorage\redhat.java\1.27.0\config_win -data c:\Users\hp\AppData\Roaming\Code\User\workspaceStorage\1c5843b34a3158e84823a3ab318efdae\redhat.java\jdt_ws --stdio
java_class_path (initial): c:\Users\hp\.vscode\extensions\redhat.java-1.27.0-win32-x64\server\plugins\org.eclipse.equinox.launcher_1.6.700.v20231214-2017.jar
Launcher Type: SUN_STANDARD

[Global flags]
    uintx AdaptiveSizePolicyWeight                 = 90                                        {product} {command line}
     intx CICompilerCount                          = 4                                         {product} {ergonomic}
    uintx GCTimeRatio                              = 4                                         {product} {command line}
     bool HeapDumpOnOutOfMemoryError               = true                                   {manageable} {command line}
    ccstr HeapDumpPath                             = c:\Users\hp\AppData\Roaming\Code\User\workspaceStorage\1c5843b34a3158e84823a3ab318efdae\redhat.java         {manageable} {command line}
   size_t InitialHeapSize                          = 104857600                                 {product} {command line}
   size_t MaxHeapSize                              = 1073741824                                {product} {command line}
   size_t MaxNewSize                               = 357564416                                 {product} {ergonomic}
   size_t MinHeapDeltaBytes                        = 524288                                    {product} {ergonomic}
   size_t MinHeapSize                              = 104857600                                 {product} {command line}
   size_t NewSize                                  = 34603008                                  {product} {ergonomic}
    uintx NonNMethodCodeHeapSize                   = 5839372                                {pd product} {ergonomic}
    uintx NonProfiledCodeHeapSize                  = 122909434                              {pd product} {ergonomic}
   size_t OldSize                                  = 70254592                                  {product} {ergonomic}
    uintx ProfiledCodeHeapSize                     = 122909434                              {pd product} {ergonomic}
    uintx ReservedCodeCacheSize                    = 251658240                              {pd product} {ergonomic}
     bool SegmentedCodeCache                       = true                                      {product} {ergonomic}
   size_t SoftMaxHeapSize                          = 1073741824                             {manageable} {ergonomic}
     bool UseCompressedClassPointers               = true                           {product lp64_product} {ergonomic}
     bool UseCompressedOops                        = true                           {product lp64_product} {ergonomic}
     bool UseLargePagesIndividualAllocation        = false                                  {pd product} {ergonomic}
     bool UseParallelGC                            = true                                      {product} {command line}

Logging:
Log output configuration:
 #0: stdout all=off uptime,level,tags
 #1: stderr all=off uptime,level,tags

Environment Variables:
JAVA_HOME=C:\Program Files\Java\jdk-17
PATH=C:\Program Files\Common Files\Oracle\Java\javapath;C:\Program Files (x86)\Common Files\Oracle\Java\javapath;C:\ProgramData\Oracle\Java\javapath;C:\WINDOWS\system32;C:\WINDOWS;C:\WINDOWS\System32\Wbem;C:\WINDOWS\System32\WindowsPowerShell\v1.0\;C:\WINDOWS\System32\OpenSSH\;C:\MinGW\bin;C:\Program Files (x86)\MATLAB\R2007b\bin;C:\Program Files (x86)\MATLAB\R2007b\bin\win32;C:\Program Files\Git\cmd;C:\Program Files (x86)\nodejs\;C:\New folder\Scripts\;C:\New folder\;C:\Users\hp\AppData\Local\Microsoft\WindowsApps;C:\Users\hp\AppData\Local\Programs\Microsoft VS Code\bin;C:\MinGW\bin;C:\src\flutter\bin;C:\Users\hp\AppData\Local\Android\Sdk\platform-tools;C:\Users\hp\AppData\Local\Pub\Cache\bin;C:\Users\hp\AppData\Roaming\npm;C:\Program Files\Java\jdk-17\bin;C:\Program Files\Java\jdk1.8.0_321\bin;C:\Program Files\Java\jdk-21\bin;
USERNAME=hp
OS=Windows_NT
PROCESSOR_IDENTIFIER=AMD64 Family 23 Model 104 Stepping 1, AuthenticAMD
TMP=C:\Users\hp\AppData\Local\Temp
TEMP=C:\Users\hp\AppData\Local\Temp



Periodic native trim disabled


---------------  S Y S T E M  ---------------

OS:
 Windows 11 , 64 bit Build 22621 (10.0.22621.2506)
OS uptime: 9 days 11:31 hours

CPU: total 12 (initial active 12) (12 cores per cpu, 2 threads per core) family 23 model 104 stepping 1 microcode 0x0, cx8, cmov, fxsr, ht, mmx, 3dnowpref, sse, sse2, sse3, ssse3, sse4a, sse4.1, sse4.2, popcnt, lzcnt, tsc, tscinvbit, avx, avx2, aes, clmul, bmi1, bmi2, adx, sha, fma, vzeroupper, clflush, clflushopt
Processor Information for all 12 processors :
  Max Mhz: 2100, Current Mhz: 2100, Mhz Limit: 2100

Memory: 4k page, system-wide physical 7502M (68M free)
TotalPageFile size 26698M (AvailPageFile size 0M)
current process WorkingSet (physical memory assigned to process): 125M, peak: 269M
current process commit charge ("private bytes"): 330M, peak: 373M

vm_info: OpenJDK 64-Bit Server VM (17.0.10+7) for windows-amd64 JRE (17.0.10+7), built on Jan 16 2024 23:25:11 by "admin" with MS VC++ 16.10 / 16.11 (VS2019)

END.
